  [1m[36m (2.4ms)[0m  [1mCREATE TABLE "schema_migrations" ("version" varchar(255) NOT NULL) [0m
  [1m[35m (2.5ms)[0m  CREATE UNIQUE INDEX "unique_schema_migrations" ON "schema_migrations" ("version")
  [1m[36mActiveRecord::SchemaMigration Load (0.1ms)[0m  [1mSELECT "schema_migrations".* FROM "schema_migrations"[0m
Migrating to CreateUsers (20130602053546)
  [1m[35m (0.1ms)[0m  begin transaction
  [1m[36m (0.3ms)[0m  [1mCREATE TABLE "users" ("id" INTEGER PRIMARY KEY AUTOINCREMENT NOT NULL, "name" varchar(255), "course" varchar(255), "created_at" datetime, "updated_at" datetime) [0m
  [1m[35mSQL (0.2ms)[0m  INSERT INTO "schema_migrations" ("version") VALUES (?)  [["version", "20130602053546"]]
  [1m[36m (2.6ms)[0m  [1mcommit transaction[0m
  [1m[35mActiveRecord::SchemaMigration Load (0.1ms)[0m  SELECT "schema_migrations".* FROM "schema_migrations"


Started GET "/" for 127.0.0.1 at 2013-06-02 00:38:40 -0500
Processing by Rails::WelcomeController#index as HTML
  Rendered /Users/shiyang/.rvm/gems/ruby-2.0.0-p0/gems/railties-4.0.0.rc1/lib/rails/templates/rails/welcome/index.html.erb (1.6ms)
Completed 200 OK in 49ms (Views: 48.0ms | ActiveRecord: 0.0ms)


Started GET "/users" for 127.0.0.1 at 2013-06-02 00:38:48 -0500
Processing by UsersController#index as HTML
  [1m[36mUser Load (0.1ms)[0m  [1mSELECT "users".* FROM "users"[0m
  Rendered users/index.html.erb within layouts/application (2.3ms)
Completed 200 OK in 1288ms (Views: 1284.7ms | ActiveRecord: 0.4ms)


Started GET "/assets/users.css?body=1" for 127.0.0.1 at 2013-06-02 00:38:50 -0500


Started GET "/assets/application.css?body=1" for 127.0.0.1 at 2013-06-02 00:38:50 -0500


Started GET "/assets/scaffolds.css?body=1" for 127.0.0.1 at 2013-06-02 00:38:50 -0500


Started GET "/assets/turbolinks.js?body=1" for 127.0.0.1 at 2013-06-02 00:38:50 -0500


Started GET "/assets/jquery_ujs.js?body=1" for 127.0.0.1 at 2013-06-02 00:38:50 -0500


Started GET "/assets/jquery.js?body=1" for 127.0.0.1 at 2013-06-02 00:38:50 -0500


Started GET "/assets/users.js?body=1" for 127.0.0.1 at 2013-06-02 00:38:50 -0500


Started GET "/assets/application.js?body=1" for 127.0.0.1 at 2013-06-02 00:38:50 -0500


Started GET "/users/new" for 127.0.0.1 at 2013-06-02 00:38:54 -0500
Processing by UsersController#new as HTML
  Rendered users/_form.html.erb (250.2ms)
  Rendered users/new.html.erb within layouts/application (261.9ms)
Completed 200 OK in 315ms (Views: 313.9ms | ActiveRecord: 0.1ms)
  [1m[36mActiveRecord::SchemaMigration Load (0.1ms)[0m  [1mSELECT "schema_migrations".* FROM "schema_migrations"[0m
Migrating to CreateUsers (20130602055011)
  [1m[35m (0.1ms)[0m  begin transaction
  [1m[36m (0.2ms)[0m  [1mCREATE TABLE "users" ("id" INTEGER PRIMARY KEY AUTOINCREMENT NOT NULL, "name" varchar(255), "password" varchar(255), "course" varchar(255), "created_at" datetime, "updated_at" datetime) [0m
SQLite3::SQLException: table "users" already exists: CREATE TABLE "users" ("id" INTEGER PRIMARY KEY AUTOINCREMENT NOT NULL, "name" varchar(255), "password" varchar(255), "course" varchar(255), "created_at" datetime, "updated_at" datetime) 
  [1m[35m (0.1ms)[0m  rollback transaction
  [1m[36mActiveRecord::SchemaMigration Load (0.1ms)[0m  [1mSELECT "schema_migrations".* FROM "schema_migrations"[0m
Migrating to CreateUsers (20130602055135)
  [1m[35m (0.1ms)[0m  begin transaction
  [1m[36m (0.2ms)[0m  [1mCREATE TABLE "users" ("id" INTEGER PRIMARY KEY AUTOINCREMENT NOT NULL, "name" varchar(255), "password" varchar(255), "course" varchar(255), "created_at" datetime, "updated_at" datetime) [0m
SQLite3::SQLException: table "users" already exists: CREATE TABLE "users" ("id" INTEGER PRIMARY KEY AUTOINCREMENT NOT NULL, "name" varchar(255), "password" varchar(255), "course" varchar(255), "created_at" datetime, "updated_at" datetime) 
  [1m[35m (0.1ms)[0m  rollback transaction


Started GET "/" for 127.0.0.1 at 2013-06-02 00:52:12 -0500

ActiveRecord::PendingMigrationError (Migrations are pending; run 'rake db:migrate RAILS_ENV=development' to resolve this issue.):
  activerecord (4.0.0.rc1) lib/active_record/migration.rb:376:in `check_pending!'
  activerecord (4.0.0.rc1) lib/active_record/migration.rb:364:in `block in call'
  activesupport (4.0.0.rc1) lib/active_support/logger_silence.rb:16:in `silence'
  activerecord (4.0.0.rc1) lib/active_record/migration.rb:363:in `call'
  actionpack (4.0.0.rc1) lib/action_dispatch/middleware/callbacks.rb:29:in `block in call'
  activesupport (4.0.0.rc1) lib/active_support/callbacks.rb:392:in `_run__4056894290726486635__call__callbacks'
  activesupport (4.0.0.rc1) lib/active_support/callbacks.rb:80:in `run_callbacks'
  actionpack (4.0.0.rc1) lib/action_dispatch/middleware/callbacks.rb:27:in `call'
  actionpack (4.0.0.rc1) lib/action_dispatch/middleware/reloader.rb:64:in `call'
  actionpack (4.0.0.rc1) lib/action_dispatch/middleware/remote_ip.rb:76:in `call'
  actionpack (4.0.0.rc1) lib/action_dispatch/middleware/debug_exceptions.rb:17:in `call'
  actionpack (4.0.0.rc1) lib/action_dispatch/middleware/show_exceptions.rb:30:in `call'
  railties (4.0.0.rc1) lib/rails/rack/logger.rb:38:in `call_app'
  railties (4.0.0.rc1) lib/rails/rack/logger.rb:21:in `block in call'
  activesupport (4.0.0.rc1) lib/active_support/tagged_logging.rb:67:in `block in tagged'
  activesupport (4.0.0.rc1) lib/active_support/tagged_logging.rb:25:in `tagged'
  activesupport (4.0.0.rc1) lib/active_support/tagged_logging.rb:67:in `tagged'
  railties (4.0.0.rc1) lib/rails/rack/logger.rb:21:in `call'
  actionpack (4.0.0.rc1) lib/action_dispatch/middleware/request_id.rb:21:in `call'
  rack (1.5.2) lib/rack/methodoverride.rb:21:in `call'
  rack (1.5.2) lib/rack/runtime.rb:17:in `call'
  activesupport (4.0.0.rc1) lib/active_support/cache/strategy/local_cache.rb:83:in `call'
  rack (1.5.2) lib/rack/lock.rb:17:in `call'
  actionpack (4.0.0.rc1) lib/action_dispatch/middleware/static.rb:64:in `call'
  railties (4.0.0.rc1) lib/rails/engine.rb:511:in `call'
  railties (4.0.0.rc1) lib/rails/application.rb:96:in `call'
  rack (1.5.2) lib/rack/lock.rb:17:in `call'
  rack (1.5.2) lib/rack/content_length.rb:14:in `call'
  rack (1.5.2) lib/rack/handler/webrick.rb:60:in `service'
  /Users/shiyang/.rvm/rubies/ruby-2.0.0-p0/lib/ruby/2.0.0/webrick/httpserver.rb:138:in `service'
  /Users/shiyang/.rvm/rubies/ruby-2.0.0-p0/lib/ruby/2.0.0/webrick/httpserver.rb:94:in `run'
  /Users/shiyang/.rvm/rubies/ruby-2.0.0-p0/lib/ruby/2.0.0/webrick/server.rb:295:in `block in start_thread'


  Rendered /Users/shiyang/.rvm/gems/ruby-2.0.0-p0/gems/actionpack-4.0.0.rc1/lib/action_dispatch/middleware/templates/rescues/_source.erb (0.5ms)
  Rendered /Users/shiyang/.rvm/gems/ruby-2.0.0-p0/gems/actionpack-4.0.0.rc1/lib/action_dispatch/middleware/templates/rescues/_trace.erb (0.9ms)
  Rendered /Users/shiyang/.rvm/gems/ruby-2.0.0-p0/gems/actionpack-4.0.0.rc1/lib/action_dispatch/middleware/templates/rescues/_request_and_response.erb (0.8ms)
  Rendered /Users/shiyang/.rvm/gems/ruby-2.0.0-p0/gems/actionpack-4.0.0.rc1/lib/action_dispatch/middleware/templates/rescues/diagnostics.erb within rescues/layout (18.5ms)
  [1m[36mActiveRecord::SchemaMigration Load (0.1ms)[0m  [1mSELECT "schema_migrations".* FROM "schema_migrations"[0m
Migrating to CreateUsers (20130602055135)
  [1m[35m (0.2ms)[0m  begin transaction
  [1m[36m (0.2ms)[0m  [1mCREATE TABLE "users" ("id" INTEGER PRIMARY KEY AUTOINCREMENT NOT NULL, "name" varchar(255), "password" varchar(255), "course" varchar(255), "created_at" datetime, "updated_at" datetime) [0m
SQLite3::SQLException: table "users" already exists: CREATE TABLE "users" ("id" INTEGER PRIMARY KEY AUTOINCREMENT NOT NULL, "name" varchar(255), "password" varchar(255), "course" varchar(255), "created_at" datetime, "updated_at" datetime) 
  [1m[35m (0.1ms)[0m  rollback transaction
  [1m[36m (2.3ms)[0m  [1mCREATE TABLE "schema_migrations" ("version" varchar(255) NOT NULL) [0m
  [1m[35m (1.5ms)[0m  CREATE UNIQUE INDEX "unique_schema_migrations" ON "schema_migrations" ("version")
  [1m[36mActiveRecord::SchemaMigration Load (0.1ms)[0m  [1mSELECT "schema_migrations".* FROM "schema_migrations"[0m
Migrating to CreateUsers (20130602055135)
  [1m[35m (0.1ms)[0m  begin transaction
  [1m[36m (0.3ms)[0m  [1mCREATE TABLE "users" ("id" INTEGER PRIMARY KEY AUTOINCREMENT NOT NULL, "name" varchar(255), "password" varchar(255), "course" varchar(255), "created_at" datetime, "updated_at" datetime) [0m
  [1m[35mSQL (0.2ms)[0m  INSERT INTO "schema_migrations" ("version") VALUES (?)  [["version", "20130602055135"]]
  [1m[36m (1.6ms)[0m  [1mcommit transaction[0m
  [1m[35mActiveRecord::SchemaMigration Load (0.1ms)[0m  SELECT "schema_migrations".* FROM "schema_migrations"


Started GET "/" for 127.0.0.1 at 2013-06-02 00:54:08 -0500
Processing by Rails::WelcomeController#index as HTML
  Rendered /Users/shiyang/.rvm/gems/ruby-2.0.0-p0/gems/railties-4.0.0.rc1/lib/rails/templates/rails/welcome/index.html.erb (0.9ms)
Completed 200 OK in 5ms (Views: 4.3ms | ActiveRecord: 0.0ms)


Started GET "/users" for 127.0.0.1 at 2013-06-02 00:54:12 -0500
Processing by UsersController#index as HTML
  [1m[36mUser Load (0.1ms)[0m  [1mSELECT "users".* FROM "users"[0m
  Rendered users/index.html.erb within layouts/application (2.3ms)
Completed 200 OK in 263ms (Views: 260.7ms | ActiveRecord: 0.4ms)


Started GET "/assets/application.css?body=1" for 127.0.0.1 at 2013-06-02 00:54:12 -0500


Started GET "/assets/users.css?body=1" for 127.0.0.1 at 2013-06-02 00:54:12 -0500


Started GET "/assets/scaffolds.css?body=1" for 127.0.0.1 at 2013-06-02 00:54:12 -0500


Started GET "/assets/users.js?body=1" for 127.0.0.1 at 2013-06-02 00:54:12 -0500


Started GET "/assets/application.js?body=1" for 127.0.0.1 at 2013-06-02 00:54:12 -0500


Started GET "/assets/jquery.js?body=1" for 127.0.0.1 at 2013-06-02 00:54:12 -0500


Started GET "/users/new" for 127.0.0.1 at 2013-06-02 00:54:14 -0500
Processing by UsersController#new as HTML
  Rendered users/_form.html.erb (157.3ms)
  Rendered users/new.html.erb within layouts/application (183.7ms)
Completed 200 OK in 188ms (Views: 187.4ms | ActiveRecord: 0.1ms)


Started GET "/" for 127.0.0.1 at 2013-06-03 12:24:23 -0500

ActionController::RoutingError (uninitialized constant PagesController):
  activesupport (4.0.0.rc1) lib/active_support/inflector/methods.rb:226:in `const_get'
  activesupport (4.0.0.rc1) lib/active_support/inflector/methods.rb:226:in `block in constantize'
  activesupport (4.0.0.rc1) lib/active_support/inflector/methods.rb:224:in `each'
  activesupport (4.0.0.rc1) lib/active_support/inflector/methods.rb:224:in `inject'
  activesupport (4.0.0.rc1) lib/active_support/inflector/methods.rb:224:in `constantize'
  actionpack (4.0.0.rc1) lib/action_dispatch/routing/route_set.rb:76:in `controller_reference'
  actionpack (4.0.0.rc1) lib/action_dispatch/routing/route_set.rb:66:in `controller'
  actionpack (4.0.0.rc1) lib/action_dispatch/routing/route_set.rb:44:in `call'
  actionpack (4.0.0.rc1) lib/action_dispatch/journey/router.rb:71:in `block in call'
  actionpack (4.0.0.rc1) lib/action_dispatch/journey/router.rb:59:in `each'
  actionpack (4.0.0.rc1) lib/action_dispatch/journey/router.rb:59:in `call'
  actionpack (4.0.0.rc1) lib/action_dispatch/routing/route_set.rb:654:in `call'
  rack (1.5.2) lib/rack/etag.rb:23:in `call'
  rack (1.5.2) lib/rack/conditionalget.rb:25:in `call'
  rack (1.5.2) lib/rack/head.rb:11:in `call'
  actionpack (4.0.0.rc1) lib/action_dispatch/middleware/params_parser.rb:27:in `call'
  actionpack (4.0.0.rc1) lib/action_dispatch/middleware/flash.rb:241:in `call'
  rack (1.5.2) lib/rack/session/abstract/id.rb:225:in `context'
  rack (1.5.2) lib/rack/session/abstract/id.rb:220:in `call'
  actionpack (4.0.0.rc1) lib/action_dispatch/middleware/cookies.rb:486:in `call'
  activerecord (4.0.0.rc1) lib/active_record/query_cache.rb:36:in `call'
  activerecord (4.0.0.rc1) lib/active_record/connection_adapters/abstract/connection_pool.rb:626:in `call'
  activerecord (4.0.0.rc1) lib/active_record/migration.rb:366:in `call'
  actionpack (4.0.0.rc1) lib/action_dispatch/middleware/callbacks.rb:29:in `block in call'
  activesupport (4.0.0.rc1) lib/active_support/callbacks.rb:392:in `_run__3260248760799048463__call__callbacks'
  activesupport (4.0.0.rc1) lib/active_support/callbacks.rb:80:in `run_callbacks'
  actionpack (4.0.0.rc1) lib/action_dispatch/middleware/callbacks.rb:27:in `call'
  actionpack (4.0.0.rc1) lib/action_dispatch/middleware/reloader.rb:64:in `call'
  actionpack (4.0.0.rc1) lib/action_dispatch/middleware/remote_ip.rb:76:in `call'
  actionpack (4.0.0.rc1) lib/action_dispatch/middleware/debug_exceptions.rb:17:in `call'
  actionpack (4.0.0.rc1) lib/action_dispatch/middleware/show_exceptions.rb:30:in `call'
  railties (4.0.0.rc1) lib/rails/rack/logger.rb:38:in `call_app'
  railties (4.0.0.rc1) lib/rails/rack/logger.rb:21:in `block in call'
  activesupport (4.0.0.rc1) lib/active_support/tagged_logging.rb:67:in `block in tagged'
  activesupport (4.0.0.rc1) lib/active_support/tagged_logging.rb:25:in `tagged'
  activesupport (4.0.0.rc1) lib/active_support/tagged_logging.rb:67:in `tagged'
  railties (4.0.0.rc1) lib/rails/rack/logger.rb:21:in `call'
  actionpack (4.0.0.rc1) lib/action_dispatch/middleware/request_id.rb:21:in `call'
  rack (1.5.2) lib/rack/methodoverride.rb:21:in `call'
  rack (1.5.2) lib/rack/runtime.rb:17:in `call'
  activesupport (4.0.0.rc1) lib/active_support/cache/strategy/local_cache.rb:83:in `call'
  rack (1.5.2) lib/rack/lock.rb:17:in `call'
  actionpack (4.0.0.rc1) lib/action_dispatch/middleware/static.rb:64:in `call'
  railties (4.0.0.rc1) lib/rails/engine.rb:511:in `call'
  railties (4.0.0.rc1) lib/rails/application.rb:96:in `call'
  rack (1.5.2) lib/rack/lock.rb:17:in `call'
  rack (1.5.2) lib/rack/content_length.rb:14:in `call'
  rack (1.5.2) lib/rack/handler/webrick.rb:60:in `service'
  /Users/shiyang/.rvm/rubies/ruby-2.0.0-p0/lib/ruby/2.0.0/webrick/httpserver.rb:138:in `service'
  /Users/shiyang/.rvm/rubies/ruby-2.0.0-p0/lib/ruby/2.0.0/webrick/httpserver.rb:94:in `run'
  /Users/shiyang/.rvm/rubies/ruby-2.0.0-p0/lib/ruby/2.0.0/webrick/server.rb:295:in `block in start_thread'


  Rendered /Users/shiyang/.rvm/gems/ruby-2.0.0-p0/gems/actionpack-4.0.0.rc1/lib/action_dispatch/middleware/templates/rescues/_trace.erb (1.0ms)
  Rendered /Users/shiyang/.rvm/gems/ruby-2.0.0-p0/gems/actionpack-4.0.0.rc1/lib/action_dispatch/middleware/templates/routes/_route.html.erb (1.1ms)
  Rendered /Users/shiyang/.rvm/gems/ruby-2.0.0-p0/gems/actionpack-4.0.0.rc1/lib/action_dispatch/middleware/templates/routes/_table.html.erb (38.5ms)
  Rendered /Users/shiyang/.rvm/gems/ruby-2.0.0-p0/gems/actionpack-4.0.0.rc1/lib/action_dispatch/middleware/templates/rescues/routing_error.erb within rescues/layout (65.5ms)


Started GET "/home" for 127.0.0.1 at 2013-06-03 12:24:27 -0500

ActionController::RoutingError (No route matches [GET] "/home"):
  actionpack (4.0.0.rc1) lib/action_dispatch/middleware/debug_exceptions.rb:21:in `call'
  actionpack (4.0.0.rc1) lib/action_dispatch/middleware/show_exceptions.rb:30:in `call'
  railties (4.0.0.rc1) lib/rails/rack/logger.rb:38:in `call_app'
  railties (4.0.0.rc1) lib/rails/rack/logger.rb:21:in `block in call'
  activesupport (4.0.0.rc1) lib/active_support/tagged_logging.rb:67:in `block in tagged'
  activesupport (4.0.0.rc1) lib/active_support/tagged_logging.rb:25:in `tagged'
  activesupport (4.0.0.rc1) lib/active_support/tagged_logging.rb:67:in `tagged'
  railties (4.0.0.rc1) lib/rails/rack/logger.rb:21:in `call'
  actionpack (4.0.0.rc1) lib/action_dispatch/middleware/request_id.rb:21:in `call'
  rack (1.5.2) lib/rack/methodoverride.rb:21:in `call'
  rack (1.5.2) lib/rack/runtime.rb:17:in `call'
  activesupport (4.0.0.rc1) lib/active_support/cache/strategy/local_cache.rb:83:in `call'
  rack (1.5.2) lib/rack/lock.rb:17:in `call'
  actionpack (4.0.0.rc1) lib/action_dispatch/middleware/static.rb:64:in `call'
  railties (4.0.0.rc1) lib/rails/engine.rb:511:in `call'
  railties (4.0.0.rc1) lib/rails/application.rb:96:in `call'
  rack (1.5.2) lib/rack/lock.rb:17:in `call'
  rack (1.5.2) lib/rack/content_length.rb:14:in `call'
  rack (1.5.2) lib/rack/handler/webrick.rb:60:in `service'
  /Users/shiyang/.rvm/rubies/ruby-2.0.0-p0/lib/ruby/2.0.0/webrick/httpserver.rb:138:in `service'
  /Users/shiyang/.rvm/rubies/ruby-2.0.0-p0/lib/ruby/2.0.0/webrick/httpserver.rb:94:in `run'
  /Users/shiyang/.rvm/rubies/ruby-2.0.0-p0/lib/ruby/2.0.0/webrick/server.rb:295:in `block in start_thread'


  Rendered /Users/shiyang/.rvm/gems/ruby-2.0.0-p0/gems/actionpack-4.0.0.rc1/lib/action_dispatch/middleware/templates/rescues/_trace.erb (0.8ms)
  Rendered /Users/shiyang/.rvm/gems/ruby-2.0.0-p0/gems/actionpack-4.0.0.rc1/lib/action_dispatch/middleware/templates/routes/_route.html.erb (1.0ms)
  Rendered /Users/shiyang/.rvm/gems/ruby-2.0.0-p0/gems/actionpack-4.0.0.rc1/lib/action_dispatch/middleware/templates/routes/_table.html.erb (0.9ms)
  Rendered /Users/shiyang/.rvm/gems/ruby-2.0.0-p0/gems/actionpack-4.0.0.rc1/lib/action_dispatch/middleware/templates/rescues/routing_error.erb within rescues/layout (15.2ms)


Started GET "/home" for 127.0.0.1 at 2013-06-03 12:26:13 -0500

ActionController::RoutingError (No route matches [GET] "/home"):
  actionpack (4.0.0.rc1) lib/action_dispatch/middleware/debug_exceptions.rb:21:in `call'
  actionpack (4.0.0.rc1) lib/action_dispatch/middleware/show_exceptions.rb:30:in `call'
  railties (4.0.0.rc1) lib/rails/rack/logger.rb:38:in `call_app'
  railties (4.0.0.rc1) lib/rails/rack/logger.rb:21:in `block in call'
  activesupport (4.0.0.rc1) lib/active_support/tagged_logging.rb:67:in `block in tagged'
  activesupport (4.0.0.rc1) lib/active_support/tagged_logging.rb:25:in `tagged'
  activesupport (4.0.0.rc1) lib/active_support/tagged_logging.rb:67:in `tagged'
  railties (4.0.0.rc1) lib/rails/rack/logger.rb:21:in `call'
  actionpack (4.0.0.rc1) lib/action_dispatch/middleware/request_id.rb:21:in `call'
  rack (1.5.2) lib/rack/methodoverride.rb:21:in `call'
  rack (1.5.2) lib/rack/runtime.rb:17:in `call'
  activesupport (4.0.0.rc1) lib/active_support/cache/strategy/local_cache.rb:83:in `call'
  rack (1.5.2) lib/rack/lock.rb:17:in `call'
  actionpack (4.0.0.rc1) lib/action_dispatch/middleware/static.rb:64:in `call'
  railties (4.0.0.rc1) lib/rails/engine.rb:511:in `call'
  railties (4.0.0.rc1) lib/rails/application.rb:96:in `call'
  rack (1.5.2) lib/rack/lock.rb:17:in `call'
  rack (1.5.2) lib/rack/content_length.rb:14:in `call'
  rack (1.5.2) lib/rack/handler/webrick.rb:60:in `service'
  /Users/shiyang/.rvm/rubies/ruby-2.0.0-p0/lib/ruby/2.0.0/webrick/httpserver.rb:138:in `service'
  /Users/shiyang/.rvm/rubies/ruby-2.0.0-p0/lib/ruby/2.0.0/webrick/httpserver.rb:94:in `run'
  /Users/shiyang/.rvm/rubies/ruby-2.0.0-p0/lib/ruby/2.0.0/webrick/server.rb:295:in `block in start_thread'


  Rendered /Users/shiyang/.rvm/gems/ruby-2.0.0-p0/gems/actionpack-4.0.0.rc1/lib/action_dispatch/middleware/templates/rescues/_trace.erb (0.8ms)
  Rendered /Users/shiyang/.rvm/gems/ruby-2.0.0-p0/gems/actionpack-4.0.0.rc1/lib/action_dispatch/middleware/templates/routes/_route.html.erb (1.1ms)
  Rendered /Users/shiyang/.rvm/gems/ruby-2.0.0-p0/gems/actionpack-4.0.0.rc1/lib/action_dispatch/middleware/templates/routes/_table.html.erb (1.0ms)
  Rendered /Users/shiyang/.rvm/gems/ruby-2.0.0-p0/gems/actionpack-4.0.0.rc1/lib/action_dispatch/middleware/templates/rescues/routing_error.erb within rescues/layout (16.1ms)


Started GET "/home" for 127.0.0.1 at 2013-06-03 12:26:14 -0500

ActionController::RoutingError (No route matches [GET] "/home"):
  actionpack (4.0.0.rc1) lib/action_dispatch/middleware/debug_exceptions.rb:21:in `call'
  actionpack (4.0.0.rc1) lib/action_dispatch/middleware/show_exceptions.rb:30:in `call'
  railties (4.0.0.rc1) lib/rails/rack/logger.rb:38:in `call_app'
  railties (4.0.0.rc1) lib/rails/rack/logger.rb:21:in `block in call'
  activesupport (4.0.0.rc1) lib/active_support/tagged_logging.rb:67:in `block in tagged'
  activesupport (4.0.0.rc1) lib/active_support/tagged_logging.rb:25:in `tagged'
  activesupport (4.0.0.rc1) lib/active_support/tagged_logging.rb:67:in `tagged'
  railties (4.0.0.rc1) lib/rails/rack/logger.rb:21:in `call'
  actionpack (4.0.0.rc1) lib/action_dispatch/middleware/request_id.rb:21:in `call'
  rack (1.5.2) lib/rack/methodoverride.rb:21:in `call'
  rack (1.5.2) lib/rack/runtime.rb:17:in `call'
  activesupport (4.0.0.rc1) lib/active_support/cache/strategy/local_cache.rb:83:in `call'
  rack (1.5.2) lib/rack/lock.rb:17:in `call'
  actionpack (4.0.0.rc1) lib/action_dispatch/middleware/static.rb:64:in `call'
  railties (4.0.0.rc1) lib/rails/engine.rb:511:in `call'
  railties (4.0.0.rc1) lib/rails/application.rb:96:in `call'
  rack (1.5.2) lib/rack/lock.rb:17:in `call'
  rack (1.5.2) lib/rack/content_length.rb:14:in `call'
  rack (1.5.2) lib/rack/handler/webrick.rb:60:in `service'
  /Users/shiyang/.rvm/rubies/ruby-2.0.0-p0/lib/ruby/2.0.0/webrick/httpserver.rb:138:in `service'
  /Users/shiyang/.rvm/rubies/ruby-2.0.0-p0/lib/ruby/2.0.0/webrick/httpserver.rb:94:in `run'
  /Users/shiyang/.rvm/rubies/ruby-2.0.0-p0/lib/ruby/2.0.0/webrick/server.rb:295:in `block in start_thread'


  Rendered /Users/shiyang/.rvm/gems/ruby-2.0.0-p0/gems/actionpack-4.0.0.rc1/lib/action_dispatch/middleware/templates/rescues/_trace.erb (0.9ms)
  Rendered /Users/shiyang/.rvm/gems/ruby-2.0.0-p0/gems/actionpack-4.0.0.rc1/lib/action_dispatch/middleware/templates/routes/_route.html.erb (1.1ms)
  Rendered /Users/shiyang/.rvm/gems/ruby-2.0.0-p0/gems/actionpack-4.0.0.rc1/lib/action_dispatch/middleware/templates/routes/_table.html.erb (0.9ms)
  Rendered /Users/shiyang/.rvm/gems/ruby-2.0.0-p0/gems/actionpack-4.0.0.rc1/lib/action_dispatch/middleware/templates/rescues/routing_error.erb within rescues/layout (16.2ms)


Started GET "/" for 127.0.0.1 at 2013-06-03 12:26:48 -0500
Processing by PagesController#home as HTML
  Rendered pages/home.html.erb within layouts/application (0.4ms)
Completed 500 Internal Server Error in 121ms

ActionView::Template::Error (File to import not found or unreadable: bootstrap.
Load paths:
  /Users/shiyang/Desktop/IE/app/assets/javascripts
  /Users/shiyang/Desktop/IE/app/assets/stylesheets
  /Users/shiyang/Desktop/IE/vendor/assets/javascripts
  /Users/shiyang/Desktop/IE/vendor/assets/stylesheets
  /Users/shiyang/.rvm/gems/ruby-2.0.0-p0/gems/turbolinks-1.1.1/lib/assets/javascripts
  /Users/shiyang/.rvm/gems/ruby-2.0.0-p0/gems/jquery-rails-2.2.1/vendor/assets/javascripts
  /Users/shiyang/.rvm/gems/ruby-2.0.0-p0/gems/coffee-rails-4.0.0/lib/assets/javascripts
  (in /Users/shiyang/Desktop/IE/app/assets/stylesheets/custom.css.scss:1)):
    2: <html>
    3: <head>
    4:   <title>IE</title>
    5:   <%= stylesheet_link_tag    "application", media: "all", "data-turbolinks-track" => true %>
    6:   <%= javascript_include_tag "application", "data-turbolinks-track" => true %>
    7:   <%= csrf_meta_tags %>
    8: </head>
  app/assets/stylesheets/custom.css.scss:1
  app/views/layouts/application.html.erb:5:in `_app_views_layouts_application_html_erb___3622164698023778578_70217943014620'


  Rendered /Users/shiyang/.rvm/gems/ruby-2.0.0-p0/gems/actionpack-4.0.0.rc1/lib/action_dispatch/middleware/templates/rescues/_trace.erb (1.1ms)
  Rendered /Users/shiyang/.rvm/gems/ruby-2.0.0-p0/gems/actionpack-4.0.0.rc1/lib/action_dispatch/middleware/templates/rescues/_request_and_response.erb (20.0ms)
  Rendered /Users/shiyang/.rvm/gems/ruby-2.0.0-p0/gems/actionpack-4.0.0.rc1/lib/action_dispatch/middleware/templates/rescues/template_error.erb within rescues/layout (30.5ms)


Started GET "/pages/home" for 127.0.0.1 at 2013-06-03 12:28:15 -0500

ActionController::RoutingError (No route matches [GET] "/pages/home"):
  actionpack (4.0.0.rc1) lib/action_dispatch/middleware/debug_exceptions.rb:21:in `call'
  actionpack (4.0.0.rc1) lib/action_dispatch/middleware/show_exceptions.rb:30:in `call'
  railties (4.0.0.rc1) lib/rails/rack/logger.rb:38:in `call_app'
  railties (4.0.0.rc1) lib/rails/rack/logger.rb:21:in `block in call'
  activesupport (4.0.0.rc1) lib/active_support/tagged_logging.rb:67:in `block in tagged'
  activesupport (4.0.0.rc1) lib/active_support/tagged_logging.rb:25:in `tagged'
  activesupport (4.0.0.rc1) lib/active_support/tagged_logging.rb:67:in `tagged'
  railties (4.0.0.rc1) lib/rails/rack/logger.rb:21:in `call'
  actionpack (4.0.0.rc1) lib/action_dispatch/middleware/request_id.rb:21:in `call'
  rack (1.5.2) lib/rack/methodoverride.rb:21:in `call'
  rack (1.5.2) lib/rack/runtime.rb:17:in `call'
  activesupport (4.0.0.rc1) lib/active_support/cache/strategy/local_cache.rb:83:in `call'
  rack (1.5.2) lib/rack/lock.rb:17:in `call'
  actionpack (4.0.0.rc1) lib/action_dispatch/middleware/static.rb:64:in `call'
  railties (4.0.0.rc1) lib/rails/engine.rb:511:in `call'
  railties (4.0.0.rc1) lib/rails/application.rb:96:in `call'
  rack (1.5.2) lib/rack/lock.rb:17:in `call'
  rack (1.5.2) lib/rack/content_length.rb:14:in `call'
  rack (1.5.2) lib/rack/handler/webrick.rb:60:in `service'
  /Users/shiyang/.rvm/rubies/ruby-2.0.0-p0/lib/ruby/2.0.0/webrick/httpserver.rb:138:in `service'
  /Users/shiyang/.rvm/rubies/ruby-2.0.0-p0/lib/ruby/2.0.0/webrick/httpserver.rb:94:in `run'
  /Users/shiyang/.rvm/rubies/ruby-2.0.0-p0/lib/ruby/2.0.0/webrick/server.rb:295:in `block in start_thread'


  Rendered /Users/shiyang/.rvm/gems/ruby-2.0.0-p0/gems/actionpack-4.0.0.rc1/lib/action_dispatch/middleware/templates/rescues/_trace.erb (0.9ms)
  Rendered /Users/shiyang/.rvm/gems/ruby-2.0.0-p0/gems/actionpack-4.0.0.rc1/lib/action_dispatch/middleware/templates/routes/_route.html.erb (1.1ms)
  Rendered /Users/shiyang/.rvm/gems/ruby-2.0.0-p0/gems/actionpack-4.0.0.rc1/lib/action_dispatch/middleware/templates/routes/_table.html.erb (0.9ms)
  Rendered /Users/shiyang/.rvm/gems/ruby-2.0.0-p0/gems/actionpack-4.0.0.rc1/lib/action_dispatch/middleware/templates/rescues/routing_error.erb within rescues/layout (15.7ms)


Started GET "/pages/home" for 127.0.0.1 at 2013-06-03 12:28:48 -0500
Processing by PagesController#home as HTML
  Rendered pages/home.html.erb within layouts/application (0.0ms)
Completed 500 Internal Server Error in 9ms

ActionView::Template::Error (File to import not found or unreadable: bootstrap.
Load paths:
  /Users/shiyang/Desktop/IE/app/assets/javascripts
  /Users/shiyang/Desktop/IE/app/assets/stylesheets
  /Users/shiyang/Desktop/IE/vendor/assets/javascripts
  /Users/shiyang/Desktop/IE/vendor/assets/stylesheets
  /Users/shiyang/.rvm/gems/ruby-2.0.0-p0/gems/turbolinks-1.1.1/lib/assets/javascripts
  /Users/shiyang/.rvm/gems/ruby-2.0.0-p0/gems/jquery-rails-2.2.1/vendor/assets/javascripts
  /Users/shiyang/.rvm/gems/ruby-2.0.0-p0/gems/coffee-rails-4.0.0/lib/assets/javascripts
  (in /Users/shiyang/Desktop/IE/app/assets/stylesheets/custom.css.scss:1)):
    2: <html>
    3: <head>
    4:   <title>IE</title>
    5:   <%= stylesheet_link_tag    "application", media: "all", "data-turbolinks-track" => true %>
    6:   <%= javascript_include_tag "application", "data-turbolinks-track" => true %>
    7:   <%= csrf_meta_tags %>
    8: </head>
  app/assets/stylesheets/custom.css.scss:1
  app/views/layouts/application.html.erb:5:in `_app_views_layouts_application_html_erb___3622164698023778578_70217943014620'


  Rendered /Users/shiyang/.rvm/gems/ruby-2.0.0-p0/gems/actionpack-4.0.0.rc1/lib/action_dispatch/middleware/templates/rescues/_trace.erb (1.0ms)
  Rendered /Users/shiyang/.rvm/gems/ruby-2.0.0-p0/gems/actionpack-4.0.0.rc1/lib/action_dispatch/middleware/templates/rescues/_request_and_response.erb (0.8ms)
  Rendered /Users/shiyang/.rvm/gems/ruby-2.0.0-p0/gems/actionpack-4.0.0.rc1/lib/action_dispatch/middleware/templates/rescues/template_error.erb within rescues/layout (9.5ms)


Started GET "/pages/home" for 127.0.0.1 at 2013-06-03 12:30:31 -0500
Processing by PagesController#home as HTML
  Rendered pages/home.html.erb within layouts/application (0.1ms)
Completed 200 OK in 1507ms (Views: 1506.5ms | ActiveRecord: 0.0ms)


Started GET "/assets/application.css?body=1" for 127.0.0.1 at 2013-06-03 12:30:33 -0500


Started GET "/assets/scaffolds.css?body=1" for 127.0.0.1 at 2013-06-03 12:30:33 -0500


Started GET "/assets/bootstrap.css?body=1" for 127.0.0.1 at 2013-06-03 12:30:33 -0500


Started GET "/assets/custom.css?body=1" for 127.0.0.1 at 2013-06-03 12:30:33 -0500


Started GET "/assets/users.css?body=1" for 127.0.0.1 at 2013-06-03 12:30:33 -0500


Started GET "/assets/jquery.js?body=1" for 127.0.0.1 at 2013-06-03 12:30:33 -0500


Started GET "/assets/jquery_ujs.js?body=1" for 127.0.0.1 at 2013-06-03 12:30:33 -0500


Started GET "/assets/turbolinks.js?body=1" for 127.0.0.1 at 2013-06-03 12:30:33 -0500


Started GET "/assets/users.js?body=1" for 127.0.0.1 at 2013-06-03 12:30:33 -0500


Started GET "/assets/application.js?body=1" for 127.0.0.1 at 2013-06-03 12:30:33 -0500


Started GET "/pages/home" for 127.0.0.1 at 2013-06-03 12:32:25 -0500
Processing by PagesController#home as HTML
  Rendered pages/home.html.erb within layouts/application (0.4ms)
Completed 200 OK in 6ms (Views: 5.2ms | ActiveRecord: 0.0ms)


Started GET "/assets/custom.css?body=1" for 127.0.0.1 at 2013-06-03 12:32:25 -0500


Started GET "/assets/application.css?body=1" for 127.0.0.1 at 2013-06-03 12:32:25 -0500


Started GET "/assets/bootstrap.css?body=1" for 127.0.0.1 at 2013-06-03 12:32:25 -0500


Started GET "/assets/scaffolds.css?body=1" for 127.0.0.1 at 2013-06-03 12:32:25 -0500


Started GET "/assets/jquery.js?body=1" for 127.0.0.1 at 2013-06-03 12:32:25 -0500


Started GET "/assets/jquery_ujs.js?body=1" for 127.0.0.1 at 2013-06-03 12:32:25 -0500


Started GET "/assets/users.css?body=1" for 127.0.0.1 at 2013-06-03 12:32:25 -0500


Started GET "/assets/turbolinks.js?body=1" for 127.0.0.1 at 2013-06-03 12:32:25 -0500


Started GET "/assets/users.js?body=1" for 127.0.0.1 at 2013-06-03 12:32:25 -0500


Started GET "/assets/application.js?body=1" for 127.0.0.1 at 2013-06-03 12:32:25 -0500


Started GET "/pages/home" for 127.0.0.1 at 2013-06-03 12:32:36 -0500
Processing by PagesController#home as HTML
  Rendered pages/home.html.erb within layouts/application (0.5ms)
Completed 200 OK in 6ms (Views: 5.4ms | ActiveRecord: 0.0ms)


Started GET "/assets/bootstrap.css?body=1" for 127.0.0.1 at 2013-06-03 12:32:36 -0500


Started GET "/assets/application.css?body=1" for 127.0.0.1 at 2013-06-03 12:32:36 -0500


Started GET "/assets/custom.css?body=1" for 127.0.0.1 at 2013-06-03 12:32:36 -0500


Started GET "/assets/scaffolds.css?body=1" for 127.0.0.1 at 2013-06-03 12:32:36 -0500


Started GET "/assets/users.css?body=1" for 127.0.0.1 at 2013-06-03 12:32:36 -0500


Started GET "/assets/jquery.js?body=1" for 127.0.0.1 at 2013-06-03 12:32:36 -0500


Started GET "/assets/jquery_ujs.js?body=1" for 127.0.0.1 at 2013-06-03 12:32:36 -0500


Started GET "/assets/turbolinks.js?body=1" for 127.0.0.1 at 2013-06-03 12:32:36 -0500


Started GET "/assets/users.js?body=1" for 127.0.0.1 at 2013-06-03 12:32:36 -0500


Started GET "/assets/application.js?body=1" for 127.0.0.1 at 2013-06-03 12:32:36 -0500


Started GET "/" for 127.0.0.1 at 2013-06-03 12:34:20 -0500
Processing by PagesController#home as HTML
  Rendered pages/home.html.erb within layouts/application (0.1ms)
Completed 200 OK in 5ms (Views: 4.0ms | ActiveRecord: 0.0ms)


Started GET "/assets/application.css?body=1" for 127.0.0.1 at 2013-06-03 12:34:20 -0500


Started GET "/assets/custom.css?body=1" for 127.0.0.1 at 2013-06-03 12:34:20 -0500


Started GET "/assets/scaffolds.css?body=1" for 127.0.0.1 at 2013-06-03 12:34:20 -0500


Started GET "/assets/bootstrap.css?body=1" for 127.0.0.1 at 2013-06-03 12:34:20 -0500


Started GET "/assets/users.css?body=1" for 127.0.0.1 at 2013-06-03 12:34:20 -0500


Started GET "/assets/jquery.js?body=1" for 127.0.0.1 at 2013-06-03 12:34:20 -0500


Started GET "/assets/jquery_ujs.js?body=1" for 127.0.0.1 at 2013-06-03 12:34:20 -0500


Started GET "/assets/turbolinks.js?body=1" for 127.0.0.1 at 2013-06-03 12:34:20 -0500


Started GET "/assets/users.js?body=1" for 127.0.0.1 at 2013-06-03 12:34:20 -0500


Started GET "/assets/application.js?body=1" for 127.0.0.1 at 2013-06-03 12:34:20 -0500


Started GET "/result" for 127.0.0.1 at 2013-06-03 12:34:31 -0500

ActionController::RoutingError (No route matches [GET] "/result"):
  actionpack (4.0.0.rc1) lib/action_dispatch/middleware/debug_exceptions.rb:21:in `call'
  actionpack (4.0.0.rc1) lib/action_dispatch/middleware/show_exceptions.rb:30:in `call'
  railties (4.0.0.rc1) lib/rails/rack/logger.rb:38:in `call_app'
  railties (4.0.0.rc1) lib/rails/rack/logger.rb:21:in `block in call'
  activesupport (4.0.0.rc1) lib/active_support/tagged_logging.rb:67:in `block in tagged'
  activesupport (4.0.0.rc1) lib/active_support/tagged_logging.rb:25:in `tagged'
  activesupport (4.0.0.rc1) lib/active_support/tagged_logging.rb:67:in `tagged'
  railties (4.0.0.rc1) lib/rails/rack/logger.rb:21:in `call'
  actionpack (4.0.0.rc1) lib/action_dispatch/middleware/request_id.rb:21:in `call'
  rack (1.5.2) lib/rack/methodoverride.rb:21:in `call'
  rack (1.5.2) lib/rack/runtime.rb:17:in `call'
  activesupport (4.0.0.rc1) lib/active_support/cache/strategy/local_cache.rb:83:in `call'
  rack (1.5.2) lib/rack/lock.rb:17:in `call'
  actionpack (4.0.0.rc1) lib/action_dispatch/middleware/static.rb:64:in `call'
  railties (4.0.0.rc1) lib/rails/engine.rb:511:in `call'
  railties (4.0.0.rc1) lib/rails/application.rb:96:in `call'
  rack (1.5.2) lib/rack/lock.rb:17:in `call'
  rack (1.5.2) lib/rack/content_length.rb:14:in `call'
  rack (1.5.2) lib/rack/handler/webrick.rb:60:in `service'
  /Users/shiyang/.rvm/rubies/ruby-2.0.0-p0/lib/ruby/2.0.0/webrick/httpserver.rb:138:in `service'
  /Users/shiyang/.rvm/rubies/ruby-2.0.0-p0/lib/ruby/2.0.0/webrick/httpserver.rb:94:in `run'
  /Users/shiyang/.rvm/rubies/ruby-2.0.0-p0/lib/ruby/2.0.0/webrick/server.rb:295:in `block in start_thread'


  Rendered /Users/shiyang/.rvm/gems/ruby-2.0.0-p0/gems/actionpack-4.0.0.rc1/lib/action_dispatch/middleware/templates/rescues/_trace.erb (0.9ms)
  Rendered /Users/shiyang/.rvm/gems/ruby-2.0.0-p0/gems/actionpack-4.0.0.rc1/lib/action_dispatch/middleware/templates/routes/_route.html.erb (1.3ms)
  Rendered /Users/shiyang/.rvm/gems/ruby-2.0.0-p0/gems/actionpack-4.0.0.rc1/lib/action_dispatch/middleware/templates/routes/_table.html.erb (1.0ms)
  Rendered /Users/shiyang/.rvm/gems/ruby-2.0.0-p0/gems/actionpack-4.0.0.rc1/lib/action_dispatch/middleware/templates/rescues/routing_error.erb within rescues/layout (45.3ms)


Started GET "/users" for 127.0.0.1 at 2013-06-03 12:44:45 -0500
Processing by UsersController#index as HTML
  [1m[36mUser Load (0.1ms)[0m  [1mSELECT "users".* FROM "users"[0m
  Rendered users/index.html.erb within layouts/application (2.0ms)
Completed 200 OK in 10ms (Views: 7.1ms | ActiveRecord: 0.4ms)


Started GET "/assets/application.css?body=1" for 127.0.0.1 at 2013-06-03 12:44:45 -0500


Started GET "/assets/bootstrap.css?body=1" for 127.0.0.1 at 2013-06-03 12:44:45 -0500


Started GET "/assets/custom.css?body=1" for 127.0.0.1 at 2013-06-03 12:44:45 -0500


Started GET "/assets/jquery.js?body=1" for 127.0.0.1 at 2013-06-03 12:44:45 -0500


Started GET "/assets/scaffolds.css?body=1" for 127.0.0.1 at 2013-06-03 12:44:45 -0500


Started GET "/assets/users.css?body=1" for 127.0.0.1 at 2013-06-03 12:44:45 -0500


Started GET "/assets/jquery_ujs.js?body=1" for 127.0.0.1 at 2013-06-03 12:44:45 -0500


Started GET "/assets/turbolinks.js?body=1" for 127.0.0.1 at 2013-06-03 12:44:45 -0500


Started GET "/assets/users.js?body=1" for 127.0.0.1 at 2013-06-03 12:44:45 -0500


Started GET "/assets/application.js?body=1" for 127.0.0.1 at 2013-06-03 12:44:45 -0500


Started GET "/users/new" for 127.0.0.1 at 2013-06-03 12:44:47 -0500
Processing by UsersController#new as HTML
  Rendered users/_form.html.erb (110.8ms)
  Rendered users/new.html.erb within layouts/application (130.6ms)
Completed 200 OK in 137ms (Views: 136.2ms | ActiveRecord: 0.2ms)


Started GET "/users/new" for 127.0.0.1 at 2013-06-03 12:46:02 -0500
Processing by UsersController#new as HTML
  Rendered users/_form.html.erb (42.2ms)
  Rendered users/new.html.erb within layouts/application (43.1ms)
Completed 200 OK in 49ms (Views: 46.9ms | ActiveRecord: 0.3ms)


Started GET "/assets/application.css?body=1" for 127.0.0.1 at 2013-06-03 12:46:02 -0500


Started GET "/assets/bootstrap.css?body=1" for 127.0.0.1 at 2013-06-03 12:46:02 -0500


Started GET "/assets/custom.css?body=1" for 127.0.0.1 at 2013-06-03 12:46:02 -0500


Started GET "/assets/scaffolds.css?body=1" for 127.0.0.1 at 2013-06-03 12:46:02 -0500


Started GET "/assets/jquery.js?body=1" for 127.0.0.1 at 2013-06-03 12:46:02 -0500


Started GET "/assets/users.css?body=1" for 127.0.0.1 at 2013-06-03 12:46:02 -0500


Started GET "/assets/jquery_ujs.js?body=1" for 127.0.0.1 at 2013-06-03 12:46:02 -0500


Started GET "/assets/turbolinks.js?body=1" for 127.0.0.1 at 2013-06-03 12:46:02 -0500


Started GET "/assets/users.js?body=1" for 127.0.0.1 at 2013-06-03 12:46:02 -0500


Started GET "/assets/application.js?body=1" for 127.0.0.1 at 2013-06-03 12:46:02 -0500


Started POST "/users" for 127.0.0.1 at 2013-06-03 12:46:07 -0500
Processing by UsersController#create as HTML
  Parameters: {"utf8"=>"âœ“", "authenticity_token"=>"GG5HqxeAxtjn5qpAp+5rk0CNwp8B8bw1TRFuZXSM7+M=", "user"=>{"name"=>"123", "password"=>"[FILTERED]", "course"=>"123"}, "commit"=>"Create User"}
  [1m[35m (0.1ms)[0m  begin transaction
  [1m[36mSQL (49.6ms)[0m  [1mINSERT INTO "users" ("course", "created_at", "name", "password", "updated_at") VALUES (?, ?, ?, ?, ?)[0m  [["course", "123"], ["created_at", Mon, 03 Jun 2013 17:46:07 UTC +00:00], ["name", "123"], ["password", "123"], ["updated_at", Mon, 03 Jun 2013 17:46:07 UTC +00:00]]
  [1m[35m (0.9ms)[0m  commit transaction
Redirected to http://0.0.0.0:3000/users/1
Completed 302 Found in 54ms (ActiveRecord: 50.6ms)


Started GET "/users/1" for 127.0.0.1 at 2013-06-03 12:46:07 -0500
Processing by UsersController#show as HTML
  Parameters: {"id"=>"1"}
  [1m[36mUser Load (0.1ms)[0m  [1mSELECT "users".* FROM "users" WHERE "users"."id" = ? LIMIT 1[0m  [["id", "1"]]
  Rendered users/show.html.erb within layouts/application (1.4ms)
Completed 200 OK in 21ms (Views: 19.1ms | ActiveRecord: 0.1ms)


Started GET "/assets/bootstrap.css?body=1" for 127.0.0.1 at 2013-06-03 12:46:07 -0500


Started GET "/assets/users.css?body=1" for 127.0.0.1 at 2013-06-03 12:46:07 -0500


Started GET "/assets/jquery.js?body=1" for 127.0.0.1 at 2013-06-03 12:46:07 -0500


Started GET "/assets/scaffolds.css?body=1" for 127.0.0.1 at 2013-06-03 12:46:07 -0500


Started GET "/assets/application.css?body=1" for 127.0.0.1 at 2013-06-03 12:46:07 -0500


Started GET "/assets/custom.css?body=1" for 127.0.0.1 at 2013-06-03 12:46:07 -0500


Started GET "/assets/jquery_ujs.js?body=1" for 127.0.0.1 at 2013-06-03 12:46:07 -0500


Started GET "/assets/turbolinks.js?body=1" for 127.0.0.1 at 2013-06-03 12:46:07 -0500


Started GET "/assets/users.js?body=1" for 127.0.0.1 at 2013-06-03 12:46:07 -0500


Started GET "/assets/application.js?body=1" for 127.0.0.1 at 2013-06-03 12:46:07 -0500


Started GET "/" for 127.0.0.1 at 2013-06-03 12:46:10 -0500
Processing by PagesController#home as HTML
  Rendered pages/home.html.erb within layouts/application (0.6ms)
Completed 200 OK in 6ms (Views: 5.2ms | ActiveRecord: 0.0ms)


Started GET "/assets/application.css?body=1" for 127.0.0.1 at 2013-06-03 12:46:10 -0500


Started GET "/assets/users.css?body=1" for 127.0.0.1 at 2013-06-03 12:46:10 -0500


Started GET "/assets/custom.css?body=1" for 127.0.0.1 at 2013-06-03 12:46:10 -0500


Started GET "/assets/bootstrap.css?body=1" for 127.0.0.1 at 2013-06-03 12:46:10 -0500


Started GET "/assets/jquery.js?body=1" for 127.0.0.1 at 2013-06-03 12:46:10 -0500


Started GET "/assets/scaffolds.css?body=1" for 127.0.0.1 at 2013-06-03 12:46:10 -0500


Started GET "/assets/jquery_ujs.js?body=1" for 127.0.0.1 at 2013-06-03 12:46:10 -0500


Started GET "/assets/turbolinks.js?body=1" for 127.0.0.1 at 2013-06-03 12:46:10 -0500


Started GET "/assets/users.js?body=1" for 127.0.0.1 at 2013-06-03 12:46:10 -0500


Started GET "/assets/application.js?body=1" for 127.0.0.1 at 2013-06-03 12:46:10 -0500


Started GET "/pages/student?utf8=%E2%9C%93&name=123&password=[FILTERED]" for 127.0.0.1 at 2013-06-03 12:46:16 -0500

ActionController::RoutingError (No route matches [GET] "/pages/student"):
  actionpack (4.0.0.rc1) lib/action_dispatch/middleware/debug_exceptions.rb:21:in `call'
  actionpack (4.0.0.rc1) lib/action_dispatch/middleware/show_exceptions.rb:30:in `call'
  railties (4.0.0.rc1) lib/rails/rack/logger.rb:38:in `call_app'
  railties (4.0.0.rc1) lib/rails/rack/logger.rb:21:in `block in call'
  activesupport (4.0.0.rc1) lib/active_support/tagged_logging.rb:67:in `block in tagged'
  activesupport (4.0.0.rc1) lib/active_support/tagged_logging.rb:25:in `tagged'
  activesupport (4.0.0.rc1) lib/active_support/tagged_logging.rb:67:in `tagged'
  railties (4.0.0.rc1) lib/rails/rack/logger.rb:21:in `call'
  actionpack (4.0.0.rc1) lib/action_dispatch/middleware/request_id.rb:21:in `call'
  rack (1.5.2) lib/rack/methodoverride.rb:21:in `call'
  rack (1.5.2) lib/rack/runtime.rb:17:in `call'
  activesupport (4.0.0.rc1) lib/active_support/cache/strategy/local_cache.rb:83:in `call'
  rack (1.5.2) lib/rack/lock.rb:17:in `call'
  actionpack (4.0.0.rc1) lib/action_dispatch/middleware/static.rb:64:in `call'
  railties (4.0.0.rc1) lib/rails/engine.rb:511:in `call'
  railties (4.0.0.rc1) lib/rails/application.rb:96:in `call'
  rack (1.5.2) lib/rack/lock.rb:17:in `call'
  rack (1.5.2) lib/rack/content_length.rb:14:in `call'
  rack (1.5.2) lib/rack/handler/webrick.rb:60:in `service'
  /Users/shiyang/.rvm/rubies/ruby-2.0.0-p0/lib/ruby/2.0.0/webrick/httpserver.rb:138:in `service'
  /Users/shiyang/.rvm/rubies/ruby-2.0.0-p0/lib/ruby/2.0.0/webrick/httpserver.rb:94:in `run'
  /Users/shiyang/.rvm/rubies/ruby-2.0.0-p0/lib/ruby/2.0.0/webrick/server.rb:295:in `block in start_thread'


  Rendered /Users/shiyang/.rvm/gems/ruby-2.0.0-p0/gems/actionpack-4.0.0.rc1/lib/action_dispatch/middleware/templates/rescues/_trace.erb (0.9ms)
  Rendered /Users/shiyang/.rvm/gems/ruby-2.0.0-p0/gems/actionpack-4.0.0.rc1/lib/action_dispatch/middleware/templates/routes/_route.html.erb (1.1ms)
  Rendered /Users/shiyang/.rvm/gems/ruby-2.0.0-p0/gems/actionpack-4.0.0.rc1/lib/action_dispatch/middleware/templates/routes/_table.html.erb (0.9ms)
  Rendered /Users/shiyang/.rvm/gems/ruby-2.0.0-p0/gems/actionpack-4.0.0.rc1/lib/action_dispatch/middleware/templates/rescues/routing_error.erb within rescues/layout (16.5ms)


Started GET "/pages/student?utf8=%E2%9C%93&name=123&password=[FILTERED]" for 127.0.0.1 at 2013-06-03 12:47:22 -0500
Processing by PagesController#result as HTML
  Parameters: {"utf8"=>"âœ“", "name"=>"123", "password"=>"[FILTERED]"}
Completed 500 Internal Server Error in 3ms

NameError (undefined local variable or method `name' for #<PagesController:0x007fb9c4beec88>):
  app/controllers/pages_controller.rb:8:in `result'


  Rendered /Users/shiyang/.rvm/gems/ruby-2.0.0-p0/gems/actionpack-4.0.0.rc1/lib/action_dispatch/middleware/templates/rescues/_source.erb (0.6ms)
  Rendered /Users/shiyang/.rvm/gems/ruby-2.0.0-p0/gems/actionpack-4.0.0.rc1/lib/action_dispatch/middleware/templates/rescues/_trace.erb (0.9ms)
  Rendered /Users/shiyang/.rvm/gems/ruby-2.0.0-p0/gems/actionpack-4.0.0.rc1/lib/action_dispatch/middleware/templates/rescues/_request_and_response.erb (1.0ms)
  Rendered /Users/shiyang/.rvm/gems/ruby-2.0.0-p0/gems/actionpack-4.0.0.rc1/lib/action_dispatch/middleware/templates/rescues/diagnostics.erb within rescues/layout (18.8ms)


Started GET "/pages/student?utf8=%E2%9C%93&name=123&password=[FILTERED]" for 127.0.0.1 at 2013-06-03 12:48:12 -0500
Processing by PagesController#result as HTML
  Parameters: {"utf8"=>"âœ“", "name"=>"123", "password"=>"[FILTERED]"}
Completed 500 Internal Server Error in 3ms

NameError (undefined local variable or method `name' for #<PagesController:0x007fb9c31284d0>):
  app/controllers/pages_controller.rb:8:in `result'


  Rendered /Users/shiyang/.rvm/gems/ruby-2.0.0-p0/gems/actionpack-4.0.0.rc1/lib/action_dispatch/middleware/templates/rescues/_source.erb (0.6ms)
  Rendered /Users/shiyang/.rvm/gems/ruby-2.0.0-p0/gems/actionpack-4.0.0.rc1/lib/action_dispatch/middleware/templates/rescues/_trace.erb (1.0ms)
  Rendered /Users/shiyang/.rvm/gems/ruby-2.0.0-p0/gems/actionpack-4.0.0.rc1/lib/action_dispatch/middleware/templates/rescues/_request_and_response.erb (1.0ms)
  Rendered /Users/shiyang/.rvm/gems/ruby-2.0.0-p0/gems/actionpack-4.0.0.rc1/lib/action_dispatch/middleware/templates/rescues/diagnostics.erb within rescues/layout (14.8ms)


Started GET "/pages/student?utf8=%E2%9C%93&name=123&password=[FILTERED]" for 127.0.0.1 at 2013-06-03 12:48:36 -0500
Processing by PagesController#result as HTML
  Parameters: {"utf8"=>"âœ“", "name"=>"123", "password"=>"[FILTERED]"}
  [1m[35mUser Load (0.2ms)[0m  SELECT "users".* FROM "users" WHERE "users"."name" = '123' LIMIT 1
Completed 500 Internal Server Error in 37ms

ActionView::MissingTemplate (Missing template pages/result, application/result with {:locale=>[:en], :formats=>[:html], :handlers=>[:erb, :builder, :raw, :ruby, :jbuilder, :coffee]}. Searched in:
  * "/Users/shiyang/Desktop/IE/app/views"
):
  actionpack (4.0.0.rc1) lib/action_view/path_set.rb:46:in `find'
  actionpack (4.0.0.rc1) lib/action_view/lookup_context.rb:114:in `find'
  actionpack (4.0.0.rc1) lib/action_view/renderer/abstract_renderer.rb:18:in `find_template'
  actionpack (4.0.0.rc1) lib/action_view/renderer/template_renderer.rb:35:in `determine_template'
  actionpack (4.0.0.rc1) lib/action_view/renderer/template_renderer.rb:8:in `render'
  actionpack (4.0.0.rc1) lib/action_view/renderer/renderer.rb:42:in `render_template'
  actionpack (4.0.0.rc1) lib/action_view/renderer/renderer.rb:23:in `render'
  actionpack (4.0.0.rc1) lib/abstract_controller/rendering.rb:127:in `_render_template'
  actionpack (4.0.0.rc1) lib/action_controller/metal/streaming.rb:219:in `_render_template'
  actionpack (4.0.0.rc1) lib/abstract_controller/rendering.rb:120:in `render_to_body'
  actionpack (4.0.0.rc1) lib/action_controller/metal/rendering.rb:33:in `render_to_body'
  actionpack (4.0.0.rc1) lib/action_controller/metal/renderers.rb:26:in `render_to_body'
  actionpack (4.0.0.rc1) lib/abstract_controller/rendering.rb:97:in `render'
  actionpack (4.0.0.rc1) lib/action_controller/metal/rendering.rb:16:in `render'
  actionpack (4.0.0.rc1) lib/action_controller/metal/instrumentation.rb:41:in `block (2 levels) in render'
  activesupport (4.0.0.rc1) lib/active_support/core_ext/benchmark.rb:12:in `block in ms'
  /Users/shiyang/.rvm/rubies/ruby-2.0.0-p0/lib/ruby/2.0.0/benchmark.rb:296:in `realtime'
  activesupport (4.0.0.rc1) lib/active_support/core_ext/benchmark.rb:12:in `ms'
  actionpack (4.0.0.rc1) lib/action_controller/metal/instrumentation.rb:41:in `block in render'
  actionpack (4.0.0.rc1) lib/action_controller/metal/instrumentation.rb:84:in `cleanup_view_runtime'
  activerecord (4.0.0.rc1) lib/active_record/railties/controller_runtime.rb:25:in `cleanup_view_runtime'
  actionpack (4.0.0.rc1) lib/action_controller/metal/instrumentation.rb:40:in `render'
  actionpack (4.0.0.rc1) lib/action_controller/metal/implicit_render.rb:10:in `default_render'
  actionpack (4.0.0.rc1) lib/action_controller/metal/implicit_render.rb:5:in `send_action'
  actionpack (4.0.0.rc1) lib/abstract_controller/base.rb:189:in `process_action'
  actionpack (4.0.0.rc1) lib/action_controller/metal/rendering.rb:10:in `process_action'
  actionpack (4.0.0.rc1) lib/abstract_controller/callbacks.rb:18:in `block in process_action'
  activesupport (4.0.0.rc1) lib/active_support/callbacks.rb:422:in `_run__3098097318162885075__process_action__callbacks'
  activesupport (4.0.0.rc1) lib/active_support/callbacks.rb:80:in `run_callbacks'
  actionpack (4.0.0.rc1) lib/abstract_controller/callbacks.rb:17:in `process_action'
  actionpack (4.0.0.rc1) lib/action_controller/metal/rescue.rb:29:in `process_action'
  actionpack (4.0.0.rc1) lib/action_controller/metal/instrumentation.rb:31:in `block in process_action'
  activesupport (4.0.0.rc1) lib/active_support/notifications.rb:159:in `block in instrument'
  activesupport (4.0.0.rc1) lib/active_support/notifications/instrumenter.rb:20:in `instrument'
  activesupport (4.0.0.rc1) lib/active_support/notifications.rb:159:in `instrument'
  actionpack (4.0.0.rc1) lib/action_controller/metal/instrumentation.rb:30:in `process_action'
  actionpack (4.0.0.rc1) lib/action_controller/metal/params_wrapper.rb:245:in `process_action'
  activerecord (4.0.0.rc1) lib/active_record/railties/controller_runtime.rb:18:in `process_action'
  actionpack (4.0.0.rc1) lib/abstract_controller/base.rb:136:in `process'
  actionpack (4.0.0.rc1) lib/abstract_controller/rendering.rb:44:in `process'
  actionpack (4.0.0.rc1) lib/action_controller/metal.rb:195:in `dispatch'
  actionpack (4.0.0.rc1) lib/action_controller/metal/rack_delegation.rb:13:in `dispatch'
  actionpack (4.0.0.rc1) lib/action_controller/metal.rb:231:in `block in action'
  actionpack (4.0.0.rc1) lib/action_dispatch/routing/route_set.rb:80:in `call'
  actionpack (4.0.0.rc1) lib/action_dispatch/routing/route_set.rb:80:in `dispatch'
  actionpack (4.0.0.rc1) lib/action_dispatch/routing/route_set.rb:48:in `call'
  actionpack (4.0.0.rc1) lib/action_dispatch/journey/router.rb:71:in `block in call'
  actionpack (4.0.0.rc1) lib/action_dispatch/journey/router.rb:59:in `each'
  actionpack (4.0.0.rc1) lib/action_dispatch/journey/router.rb:59:in `call'
  actionpack (4.0.0.rc1) lib/action_dispatch/routing/route_set.rb:654:in `call'
  rack (1.5.2) lib/rack/etag.rb:23:in `call'
  rack (1.5.2) lib/rack/conditionalget.rb:25:in `call'
  rack (1.5.2) lib/rack/head.rb:11:in `call'
  actionpack (4.0.0.rc1) lib/action_dispatch/middleware/params_parser.rb:27:in `call'
  actionpack (4.0.0.rc1) lib/action_dispatch/middleware/flash.rb:241:in `call'
  rack (1.5.2) lib/rack/session/abstract/id.rb:225:in `context'
  rack (1.5.2) lib/rack/session/abstract/id.rb:220:in `call'
  actionpack (4.0.0.rc1) lib/action_dispatch/middleware/cookies.rb:486:in `call'
  activerecord (4.0.0.rc1) lib/active_record/query_cache.rb:36:in `call'
  activerecord (4.0.0.rc1) lib/active_record/connection_adapters/abstract/connection_pool.rb:626:in `call'
  activerecord (4.0.0.rc1) lib/active_record/migration.rb:366:in `call'
  actionpack (4.0.0.rc1) lib/action_dispatch/middleware/callbacks.rb:29:in `block in call'
  activesupport (4.0.0.rc1) lib/active_support/callbacks.rb:392:in `_run__3260248760799048463__call__callbacks'
  activesupport (4.0.0.rc1) lib/active_support/callbacks.rb:80:in `run_callbacks'
  actionpack (4.0.0.rc1) lib/action_dispatch/middleware/callbacks.rb:27:in `call'
  actionpack (4.0.0.rc1) lib/action_dispatch/middleware/reloader.rb:64:in `call'
  actionpack (4.0.0.rc1) lib/action_dispatch/middleware/remote_ip.rb:76:in `call'
  actionpack (4.0.0.rc1) lib/action_dispatch/middleware/debug_exceptions.rb:17:in `call'
  actionpack (4.0.0.rc1) lib/action_dispatch/middleware/show_exceptions.rb:30:in `call'
  railties (4.0.0.rc1) lib/rails/rack/logger.rb:38:in `call_app'
  railties (4.0.0.rc1) lib/rails/rack/logger.rb:21:in `block in call'
  activesupport (4.0.0.rc1) lib/active_support/tagged_logging.rb:67:in `block in tagged'
  activesupport (4.0.0.rc1) lib/active_support/tagged_logging.rb:25:in `tagged'
  activesupport (4.0.0.rc1) lib/active_support/tagged_logging.rb:67:in `tagged'
  railties (4.0.0.rc1) lib/rails/rack/logger.rb:21:in `call'
  actionpack (4.0.0.rc1) lib/action_dispatch/middleware/request_id.rb:21:in `call'
  rack (1.5.2) lib/rack/methodoverride.rb:21:in `call'
  rack (1.5.2) lib/rack/runtime.rb:17:in `call'
  activesupport (4.0.0.rc1) lib/active_support/cache/strategy/local_cache.rb:83:in `call'
  rack (1.5.2) lib/rack/lock.rb:17:in `call'
  actionpack (4.0.0.rc1) lib/action_dispatch/middleware/static.rb:64:in `call'
  railties (4.0.0.rc1) lib/rails/engine.rb:511:in `call'
  railties (4.0.0.rc1) lib/rails/application.rb:96:in `call'
  rack (1.5.2) lib/rack/lock.rb:17:in `call'
  rack (1.5.2) lib/rack/content_length.rb:14:in `call'
  rack (1.5.2) lib/rack/handler/webrick.rb:60:in `service'
  /Users/shiyang/.rvm/rubies/ruby-2.0.0-p0/lib/ruby/2.0.0/webrick/httpserver.rb:138:in `service'
  /Users/shiyang/.rvm/rubies/ruby-2.0.0-p0/lib/ruby/2.0.0/webrick/httpserver.rb:94:in `run'
  /Users/shiyang/.rvm/rubies/ruby-2.0.0-p0/lib/ruby/2.0.0/webrick/server.rb:295:in `block in start_thread'


  Rendered /Users/shiyang/.rvm/gems/ruby-2.0.0-p0/gems/actionpack-4.0.0.rc1/lib/action_dispatch/middleware/templates/rescues/missing_template.erb within rescues/layout (0.6ms)


Started GET "/pages/student?utf8=%E2%9C%93&name=123&password=[FILTERED]" for 127.0.0.1 at 2013-06-03 12:48:51 -0500
Processing by PagesController#result as HTML
  Parameters: {"utf8"=>"âœ“", "name"=>"123", "password"=>"[FILTERED]"}
  [1m[36mUser Load (0.2ms)[0m  [1mSELECT "users".* FROM "users" WHERE "users"."name" = '123' LIMIT 1[0m
Completed 500 Internal Server Error in 3ms

ActionView::MissingTemplate (Missing template pages/result, application/result with {:locale=>[:en], :formats=>[:html], :handlers=>[:erb, :builder, :raw, :ruby, :jbuilder, :coffee]}. Searched in:
  * "/Users/shiyang/Desktop/IE/app/views"
):
  actionpack (4.0.0.rc1) lib/action_view/path_set.rb:46:in `find'
  actionpack (4.0.0.rc1) lib/action_view/lookup_context.rb:114:in `find'
  actionpack (4.0.0.rc1) lib/action_view/renderer/abstract_renderer.rb:18:in `find_template'
  actionpack (4.0.0.rc1) lib/action_view/renderer/template_renderer.rb:35:in `determine_template'
  actionpack (4.0.0.rc1) lib/action_view/renderer/template_renderer.rb:8:in `render'
  actionpack (4.0.0.rc1) lib/action_view/renderer/renderer.rb:42:in `render_template'
  actionpack (4.0.0.rc1) lib/action_view/renderer/renderer.rb:23:in `render'
  actionpack (4.0.0.rc1) lib/abstract_controller/rendering.rb:127:in `_render_template'
  actionpack (4.0.0.rc1) lib/action_controller/metal/streaming.rb:219:in `_render_template'
  actionpack (4.0.0.rc1) lib/abstract_controller/rendering.rb:120:in `render_to_body'
  actionpack (4.0.0.rc1) lib/action_controller/metal/rendering.rb:33:in `render_to_body'
  actionpack (4.0.0.rc1) lib/action_controller/metal/renderers.rb:26:in `render_to_body'
  actionpack (4.0.0.rc1) lib/abstract_controller/rendering.rb:97:in `render'
  actionpack (4.0.0.rc1) lib/action_controller/metal/rendering.rb:16:in `render'
  actionpack (4.0.0.rc1) lib/action_controller/metal/instrumentation.rb:41:in `block (2 levels) in render'
  activesupport (4.0.0.rc1) lib/active_support/core_ext/benchmark.rb:12:in `block in ms'
  /Users/shiyang/.rvm/rubies/ruby-2.0.0-p0/lib/ruby/2.0.0/benchmark.rb:296:in `realtime'
  activesupport (4.0.0.rc1) lib/active_support/core_ext/benchmark.rb:12:in `ms'
  actionpack (4.0.0.rc1) lib/action_controller/metal/instrumentation.rb:41:in `block in render'
  actionpack (4.0.0.rc1) lib/action_controller/metal/instrumentation.rb:84:in `cleanup_view_runtime'
  activerecord (4.0.0.rc1) lib/active_record/railties/controller_runtime.rb:25:in `cleanup_view_runtime'
  actionpack (4.0.0.rc1) lib/action_controller/metal/instrumentation.rb:40:in `render'
  actionpack (4.0.0.rc1) lib/action_controller/metal/implicit_render.rb:10:in `default_render'
  actionpack (4.0.0.rc1) lib/action_controller/metal/implicit_render.rb:5:in `send_action'
  actionpack (4.0.0.rc1) lib/abstract_controller/base.rb:189:in `process_action'
  actionpack (4.0.0.rc1) lib/action_controller/metal/rendering.rb:10:in `process_action'
  actionpack (4.0.0.rc1) lib/abstract_controller/callbacks.rb:18:in `block in process_action'
  activesupport (4.0.0.rc1) lib/active_support/callbacks.rb:422:in `_run__3098097318162885075__process_action__callbacks'
  activesupport (4.0.0.rc1) lib/active_support/callbacks.rb:80:in `run_callbacks'
  actionpack (4.0.0.rc1) lib/abstract_controller/callbacks.rb:17:in `process_action'
  actionpack (4.0.0.rc1) lib/action_controller/metal/rescue.rb:29:in `process_action'
  actionpack (4.0.0.rc1) lib/action_controller/metal/instrumentation.rb:31:in `block in process_action'
  activesupport (4.0.0.rc1) lib/active_support/notifications.rb:159:in `block in instrument'
  activesupport (4.0.0.rc1) lib/active_support/notifications/instrumenter.rb:20:in `instrument'
  activesupport (4.0.0.rc1) lib/active_support/notifications.rb:159:in `instrument'
  actionpack (4.0.0.rc1) lib/action_controller/metal/instrumentation.rb:30:in `process_action'
  actionpack (4.0.0.rc1) lib/action_controller/metal/params_wrapper.rb:245:in `process_action'
  activerecord (4.0.0.rc1) lib/active_record/railties/controller_runtime.rb:18:in `process_action'
  actionpack (4.0.0.rc1) lib/abstract_controller/base.rb:136:in `process'
  actionpack (4.0.0.rc1) lib/abstract_controller/rendering.rb:44:in `process'
  actionpack (4.0.0.rc1) lib/action_controller/metal.rb:195:in `dispatch'
  actionpack (4.0.0.rc1) lib/action_controller/metal/rack_delegation.rb:13:in `dispatch'
  actionpack (4.0.0.rc1) lib/action_controller/metal.rb:231:in `block in action'
  actionpack (4.0.0.rc1) lib/action_dispatch/routing/route_set.rb:80:in `call'
  actionpack (4.0.0.rc1) lib/action_dispatch/routing/route_set.rb:80:in `dispatch'
  actionpack (4.0.0.rc1) lib/action_dispatch/routing/route_set.rb:48:in `call'
  actionpack (4.0.0.rc1) lib/action_dispatch/journey/router.rb:71:in `block in call'
  actionpack (4.0.0.rc1) lib/action_dispatch/journey/router.rb:59:in `each'
  actionpack (4.0.0.rc1) lib/action_dispatch/journey/router.rb:59:in `call'
  actionpack (4.0.0.rc1) lib/action_dispatch/routing/route_set.rb:654:in `call'
  rack (1.5.2) lib/rack/etag.rb:23:in `call'
  rack (1.5.2) lib/rack/conditionalget.rb:25:in `call'
  rack (1.5.2) lib/rack/head.rb:11:in `call'
  actionpack (4.0.0.rc1) lib/action_dispatch/middleware/params_parser.rb:27:in `call'
  actionpack (4.0.0.rc1) lib/action_dispatch/middleware/flash.rb:241:in `call'
  rack (1.5.2) lib/rack/session/abstract/id.rb:225:in `context'
  rack (1.5.2) lib/rack/session/abstract/id.rb:220:in `call'
  actionpack (4.0.0.rc1) lib/action_dispatch/middleware/cookies.rb:486:in `call'
  activerecord (4.0.0.rc1) lib/active_record/query_cache.rb:36:in `call'
  activerecord (4.0.0.rc1) lib/active_record/connection_adapters/abstract/connection_pool.rb:626:in `call'
  activerecord (4.0.0.rc1) lib/active_record/migration.rb:366:in `call'
  actionpack (4.0.0.rc1) lib/action_dispatch/middleware/callbacks.rb:29:in `block in call'
  activesupport (4.0.0.rc1) lib/active_support/callbacks.rb:392:in `_run__3260248760799048463__call__callbacks'
  activesupport (4.0.0.rc1) lib/active_support/callbacks.rb:80:in `run_callbacks'
  actionpack (4.0.0.rc1) lib/action_dispatch/middleware/callbacks.rb:27:in `call'
  actionpack (4.0.0.rc1) lib/action_dispatch/middleware/reloader.rb:64:in `call'
  actionpack (4.0.0.rc1) lib/action_dispatch/middleware/remote_ip.rb:76:in `call'
  actionpack (4.0.0.rc1) lib/action_dispatch/middleware/debug_exceptions.rb:17:in `call'
  actionpack (4.0.0.rc1) lib/action_dispatch/middleware/show_exceptions.rb:30:in `call'
  railties (4.0.0.rc1) lib/rails/rack/logger.rb:38:in `call_app'
  railties (4.0.0.rc1) lib/rails/rack/logger.rb:21:in `block in call'
  activesupport (4.0.0.rc1) lib/active_support/tagged_logging.rb:67:in `block in tagged'
  activesupport (4.0.0.rc1) lib/active_support/tagged_logging.rb:25:in `tagged'
  activesupport (4.0.0.rc1) lib/active_support/tagged_logging.rb:67:in `tagged'
  railties (4.0.0.rc1) lib/rails/rack/logger.rb:21:in `call'
  actionpack (4.0.0.rc1) lib/action_dispatch/middleware/request_id.rb:21:in `call'
  rack (1.5.2) lib/rack/methodoverride.rb:21:in `call'
  rack (1.5.2) lib/rack/runtime.rb:17:in `call'
  activesupport (4.0.0.rc1) lib/active_support/cache/strategy/local_cache.rb:83:in `call'
  rack (1.5.2) lib/rack/lock.rb:17:in `call'
  actionpack (4.0.0.rc1) lib/action_dispatch/middleware/static.rb:64:in `call'
  railties (4.0.0.rc1) lib/rails/engine.rb:511:in `call'
  railties (4.0.0.rc1) lib/rails/application.rb:96:in `call'
  rack (1.5.2) lib/rack/lock.rb:17:in `call'
  rack (1.5.2) lib/rack/content_length.rb:14:in `call'
  rack (1.5.2) lib/rack/handler/webrick.rb:60:in `service'
  /Users/shiyang/.rvm/rubies/ruby-2.0.0-p0/lib/ruby/2.0.0/webrick/httpserver.rb:138:in `service'
  /Users/shiyang/.rvm/rubies/ruby-2.0.0-p0/lib/ruby/2.0.0/webrick/httpserver.rb:94:in `run'
  /Users/shiyang/.rvm/rubies/ruby-2.0.0-p0/lib/ruby/2.0.0/webrick/server.rb:295:in `block in start_thread'


  Rendered /Users/shiyang/.rvm/gems/ruby-2.0.0-p0/gems/actionpack-4.0.0.rc1/lib/action_dispatch/middleware/templates/rescues/missing_template.erb within rescues/layout (0.4ms)


Started GET "/pages/student?utf8=%E2%9C%93&name=123&password=[FILTERED]" for 127.0.0.1 at 2013-06-03 12:49:26 -0500
Processing by PagesController#student as HTML
  Parameters: {"utf8"=>"âœ“", "name"=>"123", "password"=>"[FILTERED]"}
  [1m[35mUser Load (0.1ms)[0m  SELECT "users".* FROM "users" WHERE "users"."name" = '123' LIMIT 1
  Rendered pages/student.html.erb within layouts/application (1.4ms)
Completed 500 Internal Server Error in 18ms

ActionView::Template::Error (undefined method `each' for #<User:0x007fb9c5a7c0c0>):
    15: 					<tr>
    16: 							<td><b>studentID</b></td>
    17: 							<td><b>course</b></td>
    18: 					<% @u.each do |user| %>
    19: 			        <td><%= user.name %></td>
    20: 			        <td><%= user.course %></td>
    21: 			      </tr>
  app/views/pages/student.html.erb:18:in `_app_views_pages_student_html_erb___1758527655466374627_70217942825560'


  Rendered /Users/shiyang/.rvm/gems/ruby-2.0.0-p0/gems/actionpack-4.0.0.rc1/lib/action_dispatch/middleware/templates/rescues/_trace.erb (1.0ms)
  Rendered /Users/shiyang/.rvm/gems/ruby-2.0.0-p0/gems/actionpack-4.0.0.rc1/lib/action_dispatch/middleware/templates/rescues/_request_and_response.erb (1.0ms)
  Rendered /Users/shiyang/.rvm/gems/ruby-2.0.0-p0/gems/actionpack-4.0.0.rc1/lib/action_dispatch/middleware/templates/rescues/template_error.erb within rescues/layout (9.8ms)


Started GET "/pages/student?utf8=%E2%9C%93&name=123&password=[FILTERED]" for 127.0.0.1 at 2013-06-03 12:51:50 -0500
Processing by PagesController#student as HTML
  Parameters: {"utf8"=>"âœ“", "name"=>"123", "password"=>"[FILTERED]"}
  [1m[36mUser Load (0.1ms)[0m  [1mSELECT "users".* FROM "users" WHERE "users"."name" = '123' LIMIT 1[0m
  Rendered pages/student.html.erb within layouts/application (1.7ms)
Completed 500 Internal Server Error in 4ms

ActionView::Template::Error (undefined method `each' for #<User:0x007fb9c598d510>):
    15: 				<tr>
    16: 					<td><b>name</b></td>
    17: 					<td><b>course</b></td>
    18: 					<% @u.each do |user| %>
    19: 					<td><%= user.name %></td>
    20: 					<td><%= user.course %></td>
    21: 					<% end %>
  app/views/pages/student.html.erb:18:in `_app_views_pages_student_html_erb___1758527655466374627_70217930423900'


  Rendered /Users/shiyang/.rvm/gems/ruby-2.0.0-p0/gems/actionpack-4.0.0.rc1/lib/action_dispatch/middleware/templates/rescues/_trace.erb (1.0ms)
  Rendered /Users/shiyang/.rvm/gems/ruby-2.0.0-p0/gems/actionpack-4.0.0.rc1/lib/action_dispatch/middleware/templates/rescues/_request_and_response.erb (1.0ms)
  Rendered /Users/shiyang/.rvm/gems/ruby-2.0.0-p0/gems/actionpack-4.0.0.rc1/lib/action_dispatch/middleware/templates/rescues/template_error.erb within rescues/layout (9.9ms)


Started GET "/pages/student?utf8=%E2%9C%93&name=123&password=[FILTERED]" for 127.0.0.1 at 2013-06-03 12:52:18 -0500
Processing by PagesController#student as HTML
  Parameters: {"utf8"=>"âœ“", "name"=>"123", "password"=>"[FILTERED]"}
  [1m[35mUser Load (0.2ms)[0m  SELECT "users".* FROM "users" WHERE "users"."name" = '123' LIMIT 1
ERROR: compiling _app_views_pages_student_html_erb___1758527655466374627_70217944114360 RAISED /Users/shiyang/Desktop/IE/app/views/pages/student.html.erb:28: syntax error, unexpected keyword_ensure, expecting keyword_end
/Users/shiyang/Desktop/IE/app/views/pages/student.html.erb:30: syntax error, unexpected end-of-input, expecting keyword_end
Function body:           def _app_views_pages_student_html_erb___1758527655466374627_70217944114360(local_assigns, output_buffer)
            _old_virtual_path, @virtual_path = @virtual_path, "pages/student";_old_output_buffer = @output_buffer;;@output_buffer = output_buffer || ActionView::OutputBuffer.new;@output_buffer.safe_append='<html>
<head>
	<meta name="viewport" content="width=device-width, initial-scale=1, maximum-scale=1, user-scalable=no">
	<meta name="apple-mobile-web-app-capable" content="yes">
	<meta name="apple-mobile-web-app-status-bar-style" content="black">
</head>
<body>
	<br/>
	<h1>Student Account</h1>
	<br/>
	<div class="container">	
		<h5>His course:</h5>
		<div id="courseTable">
			<table class = "table table-striped sortable" data-provides="rowlink">
				<tr>
					<td><b>name</b></td>
					<td><b>course</b></td>
';					 @u.each do |user| 
@output_buffer.safe_append='					<td>';@output_buffer.append=( user.name );@output_buffer.safe_append='</td>
					<td>';@output_buffer.append=( user.course );@output_buffer.safe_append='</td>
				</tr>
			</table>
		</div>
	</div>
</body>
</html>
';@output_buffer.to_s
          ensure
            @virtual_path, @output_buffer = _old_virtual_path, _old_output_buffer
          end

Backtrace: /Users/shiyang/.rvm/gems/ruby-2.0.0-p0/gems/actionpack-4.0.0.rc1/lib/action_view/template.rb:299:in `module_eval'
/Users/shiyang/.rvm/gems/ruby-2.0.0-p0/gems/actionpack-4.0.0.rc1/lib/action_view/template.rb:299:in `compile'
/Users/shiyang/.rvm/gems/ruby-2.0.0-p0/gems/actionpack-4.0.0.rc1/lib/action_view/template.rb:248:in `block in compile!'
/Users/shiyang/.rvm/gems/ruby-2.0.0-p0/gems/actionpack-4.0.0.rc1/lib/action_view/template.rb:236:in `synchronize'
/Users/shiyang/.rvm/gems/ruby-2.0.0-p0/gems/actionpack-4.0.0.rc1/lib/action_view/template.rb:236:in `compile!'
/Users/shiyang/.rvm/gems/ruby-2.0.0-p0/gems/actionpack-4.0.0.rc1/lib/action_view/template.rb:142:in `block in render'
/Users/shiyang/.rvm/gems/ruby-2.0.0-p0/gems/activesupport-4.0.0.rc1/lib/active_support/notifications.rb:161:in `instrument'
/Users/shiyang/.rvm/gems/ruby-2.0.0-p0/gems/actionpack-4.0.0.rc1/lib/action_view/template.rb:141:in `render'
/Users/shiyang/.rvm/gems/ruby-2.0.0-p0/gems/actionpack-4.0.0.rc1/lib/action_view/renderer/template_renderer.rb:49:in `block (2 levels) in render_template'
/Users/shiyang/.rvm/gems/ruby-2.0.0-p0/gems/actionpack-4.0.0.rc1/lib/action_view/renderer/abstract_renderer.rb:38:in `block in instrument'
/Users/shiyang/.rvm/gems/ruby-2.0.0-p0/gems/activesupport-4.0.0.rc1/lib/active_support/notifications.rb:159:in `block in instrument'
/Users/shiyang/.rvm/gems/ruby-2.0.0-p0/gems/activesupport-4.0.0.rc1/lib/active_support/notifications/instrumenter.rb:20:in `instrument'
/Users/shiyang/.rvm/gems/ruby-2.0.0-p0/gems/activesupport-4.0.0.rc1/lib/active_support/notifications.rb:159:in `instrument'
/Users/shiyang/.rvm/gems/ruby-2.0.0-p0/gems/actionpack-4.0.0.rc1/lib/action_view/renderer/abstract_renderer.rb:38:in `instrument'
/Users/shiyang/.rvm/gems/ruby-2.0.0-p0/gems/actionpack-4.0.0.rc1/lib/action_view/renderer/template_renderer.rb:48:in `block in render_template'
/Users/shiyang/.rvm/gems/ruby-2.0.0-p0/gems/actionpack-4.0.0.rc1/lib/action_view/renderer/template_renderer.rb:56:in `render_with_layout'
/Users/shiyang/.rvm/gems/ruby-2.0.0-p0/gems/actionpack-4.0.0.rc1/lib/action_view/renderer/template_renderer.rb:47:in `render_template'
/Users/shiyang/.rvm/gems/ruby-2.0.0-p0/gems/actionpack-4.0.0.rc1/lib/action_view/renderer/template_renderer.rb:17:in `render'
/Users/shiyang/.rvm/gems/ruby-2.0.0-p0/gems/actionpack-4.0.0.rc1/lib/action_view/renderer/renderer.rb:42:in `render_template'
/Users/shiyang/.rvm/gems/ruby-2.0.0-p0/gems/actionpack-4.0.0.rc1/lib/action_view/renderer/renderer.rb:23:in `render'
/Users/shiyang/.rvm/gems/ruby-2.0.0-p0/gems/actionpack-4.0.0.rc1/lib/abstract_controller/rendering.rb:127:in `_render_template'
/Users/shiyang/.rvm/gems/ruby-2.0.0-p0/gems/actionpack-4.0.0.rc1/lib/action_controller/metal/streaming.rb:219:in `_render_template'
/Users/shiyang/.rvm/gems/ruby-2.0.0-p0/gems/actionpack-4.0.0.rc1/lib/abstract_controller/rendering.rb:120:in `render_to_body'
/Users/shiyang/.rvm/gems/ruby-2.0.0-p0/gems/actionpack-4.0.0.rc1/lib/action_controller/metal/rendering.rb:33:in `render_to_body'
/Users/shiyang/.rvm/gems/ruby-2.0.0-p0/gems/actionpack-4.0.0.rc1/lib/action_controller/metal/renderers.rb:26:in `render_to_body'
/Users/shiyang/.rvm/gems/ruby-2.0.0-p0/gems/actionpack-4.0.0.rc1/lib/abstract_controller/rendering.rb:97:in `render'
/Users/shiyang/.rvm/gems/ruby-2.0.0-p0/gems/actionpack-4.0.0.rc1/lib/action_controller/metal/rendering.rb:16:in `render'
/Users/shiyang/.rvm/gems/ruby-2.0.0-p0/gems/actionpack-4.0.0.rc1/lib/action_controller/metal/instrumentation.rb:41:in `block (2 levels) in render'
/Users/shiyang/.rvm/gems/ruby-2.0.0-p0/gems/activesupport-4.0.0.rc1/lib/active_support/core_ext/benchmark.rb:12:in `block in ms'
/Users/shiyang/.rvm/rubies/ruby-2.0.0-p0/lib/ruby/2.0.0/benchmark.rb:296:in `realtime'
/Users/shiyang/.rvm/gems/ruby-2.0.0-p0/gems/activesupport-4.0.0.rc1/lib/active_support/core_ext/benchmark.rb:12:in `ms'
/Users/shiyang/.rvm/gems/ruby-2.0.0-p0/gems/actionpack-4.0.0.rc1/lib/action_controller/metal/instrumentation.rb:41:in `block in render'
/Users/shiyang/.rvm/gems/ruby-2.0.0-p0/gems/actionpack-4.0.0.rc1/lib/action_controller/metal/instrumentation.rb:84:in `cleanup_view_runtime'
/Users/shiyang/.rvm/gems/ruby-2.0.0-p0/gems/activerecord-4.0.0.rc1/lib/active_record/railties/controller_runtime.rb:25:in `cleanup_view_runtime'
/Users/shiyang/.rvm/gems/ruby-2.0.0-p0/gems/actionpack-4.0.0.rc1/lib/action_controller/metal/instrumentation.rb:40:in `render'
/Users/shiyang/.rvm/gems/ruby-2.0.0-p0/gems/actionpack-4.0.0.rc1/lib/action_controller/metal/implicit_render.rb:10:in `default_render'
/Users/shiyang/.rvm/gems/ruby-2.0.0-p0/gems/actionpack-4.0.0.rc1/lib/action_controller/metal/implicit_render.rb:5:in `send_action'
/Users/shiyang/.rvm/gems/ruby-2.0.0-p0/gems/actionpack-4.0.0.rc1/lib/abstract_controller/base.rb:189:in `process_action'
/Users/shiyang/.rvm/gems/ruby-2.0.0-p0/gems/actionpack-4.0.0.rc1/lib/action_controller/metal/rendering.rb:10:in `process_action'
/Users/shiyang/.rvm/gems/ruby-2.0.0-p0/gems/actionpack-4.0.0.rc1/lib/abstract_controller/callbacks.rb:18:in `block in process_action'
/Users/shiyang/.rvm/gems/ruby-2.0.0-p0/gems/activesupport-4.0.0.rc1/lib/active_support/callbacks.rb:422:in `_run__3098097318162885075__process_action__callbacks'
/Users/shiyang/.rvm/gems/ruby-2.0.0-p0/gems/activesupport-4.0.0.rc1/lib/active_support/callbacks.rb:80:in `run_callbacks'
/Users/shiyang/.rvm/gems/ruby-2.0.0-p0/gems/actionpack-4.0.0.rc1/lib/abstract_controller/callbacks.rb:17:in `process_action'
/Users/shiyang/.rvm/gems/ruby-2.0.0-p0/gems/actionpack-4.0.0.rc1/lib/action_controller/metal/rescue.rb:29:in `process_action'
/Users/shiyang/.rvm/gems/ruby-2.0.0-p0/gems/actionpack-4.0.0.rc1/lib/action_controller/metal/instrumentation.rb:31:in `block in process_action'
/Users/shiyang/.rvm/gems/ruby-2.0.0-p0/gems/activesupport-4.0.0.rc1/lib/active_support/notifications.rb:159:in `block in instrument'
/Users/shiyang/.rvm/gems/ruby-2.0.0-p0/gems/activesupport-4.0.0.rc1/lib/active_support/notifications/instrumenter.rb:20:in `instrument'
/Users/shiyang/.rvm/gems/ruby-2.0.0-p0/gems/activesupport-4.0.0.rc1/lib/active_support/notifications.rb:159:in `instrument'
/Users/shiyang/.rvm/gems/ruby-2.0.0-p0/gems/actionpack-4.0.0.rc1/lib/action_controller/metal/instrumentation.rb:30:in `process_action'
/Users/shiyang/.rvm/gems/ruby-2.0.0-p0/gems/actionpack-4.0.0.rc1/lib/action_controller/metal/params_wrapper.rb:245:in `process_action'
/Users/shiyang/.rvm/gems/ruby-2.0.0-p0/gems/activerecord-4.0.0.rc1/lib/active_record/railties/controller_runtime.rb:18:in `process_action'
/Users/shiyang/.rvm/gems/ruby-2.0.0-p0/gems/actionpack-4.0.0.rc1/lib/abstract_controller/base.rb:136:in `process'
/Users/shiyang/.rvm/gems/ruby-2.0.0-p0/gems/actionpack-4.0.0.rc1/lib/abstract_controller/rendering.rb:44:in `process'
/Users/shiyang/.rvm/gems/ruby-2.0.0-p0/gems/actionpack-4.0.0.rc1/lib/action_controller/metal.rb:195:in `dispatch'
/Users/shiyang/.rvm/gems/ruby-2.0.0-p0/gems/actionpack-4.0.0.rc1/lib/action_controller/metal/rack_delegation.rb:13:in `dispatch'
/Users/shiyang/.rvm/gems/ruby-2.0.0-p0/gems/actionpack-4.0.0.rc1/lib/action_controller/metal.rb:231:in `block in action'
/Users/shiyang/.rvm/gems/ruby-2.0.0-p0/gems/actionpack-4.0.0.rc1/lib/action_dispatch/routing/route_set.rb:80:in `call'
/Users/shiyang/.rvm/gems/ruby-2.0.0-p0/gems/actionpack-4.0.0.rc1/lib/action_dispatch/routing/route_set.rb:80:in `dispatch'
/Users/shiyang/.rvm/gems/ruby-2.0.0-p0/gems/actionpack-4.0.0.rc1/lib/action_dispatch/routing/route_set.rb:48:in `call'
/Users/shiyang/.rvm/gems/ruby-2.0.0-p0/gems/actionpack-4.0.0.rc1/lib/action_dispatch/journey/router.rb:71:in `block in call'
/Users/shiyang/.rvm/gems/ruby-2.0.0-p0/gems/actionpack-4.0.0.rc1/lib/action_dispatch/journey/router.rb:59:in `each'
/Users/shiyang/.rvm/gems/ruby-2.0.0-p0/gems/actionpack-4.0.0.rc1/lib/action_dispatch/journey/router.rb:59:in `call'
/Users/shiyang/.rvm/gems/ruby-2.0.0-p0/gems/actionpack-4.0.0.rc1/lib/action_dispatch/routing/route_set.rb:654:in `call'
/Users/shiyang/.rvm/gems/ruby-2.0.0-p0/gems/rack-1.5.2/lib/rack/etag.rb:23:in `call'
/Users/shiyang/.rvm/gems/ruby-2.0.0-p0/gems/rack-1.5.2/lib/rack/conditionalget.rb:25:in `call'
/Users/shiyang/.rvm/gems/ruby-2.0.0-p0/gems/rack-1.5.2/lib/rack/head.rb:11:in `call'
/Users/shiyang/.rvm/gems/ruby-2.0.0-p0/gems/actionpack-4.0.0.rc1/lib/action_dispatch/middleware/params_parser.rb:27:in `call'
/Users/shiyang/.rvm/gems/ruby-2.0.0-p0/gems/actionpack-4.0.0.rc1/lib/action_dispatch/middleware/flash.rb:241:in `call'
/Users/shiyang/.rvm/gems/ruby-2.0.0-p0/gems/rack-1.5.2/lib/rack/session/abstract/id.rb:225:in `context'
/Users/shiyang/.rvm/gems/ruby-2.0.0-p0/gems/rack-1.5.2/lib/rack/session/abstract/id.rb:220:in `call'
/Users/shiyang/.rvm/gems/ruby-2.0.0-p0/gems/actionpack-4.0.0.rc1/lib/action_dispatch/middleware/cookies.rb:486:in `call'
/Users/shiyang/.rvm/gems/ruby-2.0.0-p0/gems/activerecord-4.0.0.rc1/lib/active_record/query_cache.rb:36:in `call'
/Users/shiyang/.rvm/gems/ruby-2.0.0-p0/gems/activerecord-4.0.0.rc1/lib/active_record/connection_adapters/abstract/connection_pool.rb:626:in `call'
/Users/shiyang/.rvm/gems/ruby-2.0.0-p0/gems/activerecord-4.0.0.rc1/lib/active_record/migration.rb:366:in `call'
/Users/shiyang/.rvm/gems/ruby-2.0.0-p0/gems/actionpack-4.0.0.rc1/lib/action_dispatch/middleware/callbacks.rb:29:in `block in call'
/Users/shiyang/.rvm/gems/ruby-2.0.0-p0/gems/activesupport-4.0.0.rc1/lib/active_support/callbacks.rb:392:in `_run__3260248760799048463__call__callbacks'
/Users/shiyang/.rvm/gems/ruby-2.0.0-p0/gems/activesupport-4.0.0.rc1/lib/active_support/callbacks.rb:80:in `run_callbacks'
/Users/shiyang/.rvm/gems/ruby-2.0.0-p0/gems/actionpack-4.0.0.rc1/lib/action_dispatch/middleware/callbacks.rb:27:in `call'
/Users/shiyang/.rvm/gems/ruby-2.0.0-p0/gems/actionpack-4.0.0.rc1/lib/action_dispatch/middleware/reloader.rb:64:in `call'
/Users/shiyang/.rvm/gems/ruby-2.0.0-p0/gems/actionpack-4.0.0.rc1/lib/action_dispatch/middleware/remote_ip.rb:76:in `call'
/Users/shiyang/.rvm/gems/ruby-2.0.0-p0/gems/actionpack-4.0.0.rc1/lib/action_dispatch/middleware/debug_exceptions.rb:17:in `call'
/Users/shiyang/.rvm/gems/ruby-2.0.0-p0/gems/actionpack-4.0.0.rc1/lib/action_dispatch/middleware/show_exceptions.rb:30:in `call'
/Users/shiyang/.rvm/gems/ruby-2.0.0-p0/gems/railties-4.0.0.rc1/lib/rails/rack/logger.rb:38:in `call_app'
/Users/shiyang/.rvm/gems/ruby-2.0.0-p0/gems/railties-4.0.0.rc1/lib/rails/rack/logger.rb:21:in `block in call'
/Users/shiyang/.rvm/gems/ruby-2.0.0-p0/gems/activesupport-4.0.0.rc1/lib/active_support/tagged_logging.rb:67:in `block in tagged'
/Users/shiyang/.rvm/gems/ruby-2.0.0-p0/gems/activesupport-4.0.0.rc1/lib/active_support/tagged_logging.rb:25:in `tagged'
/Users/shiyang/.rvm/gems/ruby-2.0.0-p0/gems/activesupport-4.0.0.rc1/lib/active_support/tagged_logging.rb:67:in `tagged'
/Users/shiyang/.rvm/gems/ruby-2.0.0-p0/gems/railties-4.0.0.rc1/lib/rails/rack/logger.rb:21:in `call'
/Users/shiyang/.rvm/gems/ruby-2.0.0-p0/gems/actionpack-4.0.0.rc1/lib/action_dispatch/middleware/request_id.rb:21:in `call'
/Users/shiyang/.rvm/gems/ruby-2.0.0-p0/gems/rack-1.5.2/lib/rack/methodoverride.rb:21:in `call'
/Users/shiyang/.rvm/gems/ruby-2.0.0-p0/gems/rack-1.5.2/lib/rack/runtime.rb:17:in `call'
/Users/shiyang/.rvm/gems/ruby-2.0.0-p0/gems/activesupport-4.0.0.rc1/lib/active_support/cache/strategy/local_cache.rb:83:in `call'
/Users/shiyang/.rvm/gems/ruby-2.0.0-p0/gems/rack-1.5.2/lib/rack/lock.rb:17:in `call'
/Users/shiyang/.rvm/gems/ruby-2.0.0-p0/gems/actionpack-4.0.0.rc1/lib/action_dispatch/middleware/static.rb:64:in `call'
/Users/shiyang/.rvm/gems/ruby-2.0.0-p0/gems/railties-4.0.0.rc1/lib/rails/engine.rb:511:in `call'
/Users/shiyang/.rvm/gems/ruby-2.0.0-p0/gems/railties-4.0.0.rc1/lib/rails/application.rb:96:in `call'
/Users/shiyang/.rvm/gems/ruby-2.0.0-p0/gems/rack-1.5.2/lib/rack/lock.rb:17:in `call'
/Users/shiyang/.rvm/gems/ruby-2.0.0-p0/gems/rack-1.5.2/lib/rack/content_length.rb:14:in `call'
/Users/shiyang/.rvm/gems/ruby-2.0.0-p0/gems/rack-1.5.2/lib/rack/handler/webrick.rb:60:in `service'
/Users/shiyang/.rvm/rubies/ruby-2.0.0-p0/lib/ruby/2.0.0/webrick/httpserver.rb:138:in `service'
/Users/shiyang/.rvm/rubies/ruby-2.0.0-p0/lib/ruby/2.0.0/webrick/httpserver.rb:94:in `run'
/Users/shiyang/.rvm/rubies/ruby-2.0.0-p0/lib/ruby/2.0.0/webrick/server.rb:295:in `block in start_thread'
  Rendered pages/student.html.erb within layouts/application (2.3ms)
Completed 500 Internal Server Error in 6ms

ActionView::Template::Error (/Users/shiyang/Desktop/IE/app/views/pages/student.html.erb:28: syntax error, unexpected keyword_ensure, expecting keyword_end
/Users/shiyang/Desktop/IE/app/views/pages/student.html.erb:30: syntax error, unexpected end-of-input, expecting keyword_end):
    25: </body>
    26: </html>
  actionpack (4.0.0.rc1) lib/action_view/template.rb:299:in `module_eval'
  actionpack (4.0.0.rc1) lib/action_view/template.rb:299:in `compile'
  actionpack (4.0.0.rc1) lib/action_view/template.rb:248:in `block in compile!'
  actionpack (4.0.0.rc1) lib/action_view/template.rb:236:in `synchronize'
  actionpack (4.0.0.rc1) lib/action_view/template.rb:236:in `compile!'
  actionpack (4.0.0.rc1) lib/action_view/template.rb:142:in `block in render'
  activesupport (4.0.0.rc1) lib/active_support/notifications.rb:161:in `instrument'
  actionpack (4.0.0.rc1) lib/action_view/template.rb:141:in `render'
  actionpack (4.0.0.rc1) lib/action_view/renderer/template_renderer.rb:49:in `block (2 levels) in render_template'
  actionpack (4.0.0.rc1) lib/action_view/renderer/abstract_renderer.rb:38:in `block in instrument'
  activesupport (4.0.0.rc1) lib/active_support/notifications.rb:159:in `block in instrument'
  activesupport (4.0.0.rc1) lib/active_support/notifications/instrumenter.rb:20:in `instrument'
  activesupport (4.0.0.rc1) lib/active_support/notifications.rb:159:in `instrument'
  actionpack (4.0.0.rc1) lib/action_view/renderer/abstract_renderer.rb:38:in `instrument'
  actionpack (4.0.0.rc1) lib/action_view/renderer/template_renderer.rb:48:in `block in render_template'
  actionpack (4.0.0.rc1) lib/action_view/renderer/template_renderer.rb:56:in `render_with_layout'
  actionpack (4.0.0.rc1) lib/action_view/renderer/template_renderer.rb:47:in `render_template'
  actionpack (4.0.0.rc1) lib/action_view/renderer/template_renderer.rb:17:in `render'
  actionpack (4.0.0.rc1) lib/action_view/renderer/renderer.rb:42:in `render_template'
  actionpack (4.0.0.rc1) lib/action_view/renderer/renderer.rb:23:in `render'
  actionpack (4.0.0.rc1) lib/abstract_controller/rendering.rb:127:in `_render_template'
  actionpack (4.0.0.rc1) lib/action_controller/metal/streaming.rb:219:in `_render_template'
  actionpack (4.0.0.rc1) lib/abstract_controller/rendering.rb:120:in `render_to_body'
  actionpack (4.0.0.rc1) lib/action_controller/metal/rendering.rb:33:in `render_to_body'
  actionpack (4.0.0.rc1) lib/action_controller/metal/renderers.rb:26:in `render_to_body'
  actionpack (4.0.0.rc1) lib/abstract_controller/rendering.rb:97:in `render'
  actionpack (4.0.0.rc1) lib/action_controller/metal/rendering.rb:16:in `render'
  actionpack (4.0.0.rc1) lib/action_controller/metal/instrumentation.rb:41:in `block (2 levels) in render'
  activesupport (4.0.0.rc1) lib/active_support/core_ext/benchmark.rb:12:in `block in ms'
  /Users/shiyang/.rvm/rubies/ruby-2.0.0-p0/lib/ruby/2.0.0/benchmark.rb:296:in `realtime'
  activesupport (4.0.0.rc1) lib/active_support/core_ext/benchmark.rb:12:in `ms'
  actionpack (4.0.0.rc1) lib/action_controller/metal/instrumentation.rb:41:in `block in render'
  actionpack (4.0.0.rc1) lib/action_controller/metal/instrumentation.rb:84:in `cleanup_view_runtime'
  activerecord (4.0.0.rc1) lib/active_record/railties/controller_runtime.rb:25:in `cleanup_view_runtime'
  actionpack (4.0.0.rc1) lib/action_controller/metal/instrumentation.rb:40:in `render'
  actionpack (4.0.0.rc1) lib/action_controller/metal/implicit_render.rb:10:in `default_render'
  actionpack (4.0.0.rc1) lib/action_controller/metal/implicit_render.rb:5:in `send_action'
  actionpack (4.0.0.rc1) lib/abstract_controller/base.rb:189:in `process_action'
  actionpack (4.0.0.rc1) lib/action_controller/metal/rendering.rb:10:in `process_action'
  actionpack (4.0.0.rc1) lib/abstract_controller/callbacks.rb:18:in `block in process_action'
  activesupport (4.0.0.rc1) lib/active_support/callbacks.rb:422:in `_run__3098097318162885075__process_action__callbacks'
  activesupport (4.0.0.rc1) lib/active_support/callbacks.rb:80:in `run_callbacks'
  actionpack (4.0.0.rc1) lib/abstract_controller/callbacks.rb:17:in `process_action'
  actionpack (4.0.0.rc1) lib/action_controller/metal/rescue.rb:29:in `process_action'
  actionpack (4.0.0.rc1) lib/action_controller/metal/instrumentation.rb:31:in `block in process_action'
  activesupport (4.0.0.rc1) lib/active_support/notifications.rb:159:in `block in instrument'
  activesupport (4.0.0.rc1) lib/active_support/notifications/instrumenter.rb:20:in `instrument'
  activesupport (4.0.0.rc1) lib/active_support/notifications.rb:159:in `instrument'
  actionpack (4.0.0.rc1) lib/action_controller/metal/instrumentation.rb:30:in `process_action'
  actionpack (4.0.0.rc1) lib/action_controller/metal/params_wrapper.rb:245:in `process_action'
  activerecord (4.0.0.rc1) lib/active_record/railties/controller_runtime.rb:18:in `process_action'
  actionpack (4.0.0.rc1) lib/abstract_controller/base.rb:136:in `process'
  actionpack (4.0.0.rc1) lib/abstract_controller/rendering.rb:44:in `process'
  actionpack (4.0.0.rc1) lib/action_controller/metal.rb:195:in `dispatch'
  actionpack (4.0.0.rc1) lib/action_controller/metal/rack_delegation.rb:13:in `dispatch'
  actionpack (4.0.0.rc1) lib/action_controller/metal.rb:231:in `block in action'
  actionpack (4.0.0.rc1) lib/action_dispatch/routing/route_set.rb:80:in `call'
  actionpack (4.0.0.rc1) lib/action_dispatch/routing/route_set.rb:80:in `dispatch'
  actionpack (4.0.0.rc1) lib/action_dispatch/routing/route_set.rb:48:in `call'
  actionpack (4.0.0.rc1) lib/action_dispatch/journey/router.rb:71:in `block in call'
  actionpack (4.0.0.rc1) lib/action_dispatch/journey/router.rb:59:in `each'
  actionpack (4.0.0.rc1) lib/action_dispatch/journey/router.rb:59:in `call'
  actionpack (4.0.0.rc1) lib/action_dispatch/routing/route_set.rb:654:in `call'
  rack (1.5.2) lib/rack/etag.rb:23:in `call'
  rack (1.5.2) lib/rack/conditionalget.rb:25:in `call'
  rack (1.5.2) lib/rack/head.rb:11:in `call'
  actionpack (4.0.0.rc1) lib/action_dispatch/middleware/params_parser.rb:27:in `call'
  actionpack (4.0.0.rc1) lib/action_dispatch/middleware/flash.rb:241:in `call'
  rack (1.5.2) lib/rack/session/abstract/id.rb:225:in `context'
  rack (1.5.2) lib/rack/session/abstract/id.rb:220:in `call'
  actionpack (4.0.0.rc1) lib/action_dispatch/middleware/cookies.rb:486:in `call'
  activerecord (4.0.0.rc1) lib/active_record/query_cache.rb:36:in `call'
  activerecord (4.0.0.rc1) lib/active_record/connection_adapters/abstract/connection_pool.rb:626:in `call'
  activerecord (4.0.0.rc1) lib/active_record/migration.rb:366:in `call'
  actionpack (4.0.0.rc1) lib/action_dispatch/middleware/callbacks.rb:29:in `block in call'
  activesupport (4.0.0.rc1) lib/active_support/callbacks.rb:392:in `_run__3260248760799048463__call__callbacks'
  activesupport (4.0.0.rc1) lib/active_support/callbacks.rb:80:in `run_callbacks'
  actionpack (4.0.0.rc1) lib/action_dispatch/middleware/callbacks.rb:27:in `call'
  actionpack (4.0.0.rc1) lib/action_dispatch/middleware/reloader.rb:64:in `call'
  actionpack (4.0.0.rc1) lib/action_dispatch/middleware/remote_ip.rb:76:in `call'
  actionpack (4.0.0.rc1) lib/action_dispatch/middleware/debug_exceptions.rb:17:in `call'
  actionpack (4.0.0.rc1) lib/action_dispatch/middleware/show_exceptions.rb:30:in `call'
  railties (4.0.0.rc1) lib/rails/rack/logger.rb:38:in `call_app'
  railties (4.0.0.rc1) lib/rails/rack/logger.rb:21:in `block in call'
  activesupport (4.0.0.rc1) lib/active_support/tagged_logging.rb:67:in `block in tagged'
  activesupport (4.0.0.rc1) lib/active_support/tagged_logging.rb:25:in `tagged'
  activesupport (4.0.0.rc1) lib/active_support/tagged_logging.rb:67:in `tagged'
  railties (4.0.0.rc1) lib/rails/rack/logger.rb:21:in `call'
  actionpack (4.0.0.rc1) lib/action_dispatch/middleware/request_id.rb:21:in `call'
  rack (1.5.2) lib/rack/methodoverride.rb:21:in `call'
  rack (1.5.2) lib/rack/runtime.rb:17:in `call'
  activesupport (4.0.0.rc1) lib/active_support/cache/strategy/local_cache.rb:83:in `call'
  rack (1.5.2) lib/rack/lock.rb:17:in `call'
  actionpack (4.0.0.rc1) lib/action_dispatch/middleware/static.rb:64:in `call'
  railties (4.0.0.rc1) lib/rails/engine.rb:511:in `call'
  railties (4.0.0.rc1) lib/rails/application.rb:96:in `call'
  rack (1.5.2) lib/rack/lock.rb:17:in `call'
  rack (1.5.2) lib/rack/content_length.rb:14:in `call'
  rack (1.5.2) lib/rack/handler/webrick.rb:60:in `service'
  /Users/shiyang/.rvm/rubies/ruby-2.0.0-p0/lib/ruby/2.0.0/webrick/httpserver.rb:138:in `service'
  /Users/shiyang/.rvm/rubies/ruby-2.0.0-p0/lib/ruby/2.0.0/webrick/httpserver.rb:94:in `run'
  /Users/shiyang/.rvm/rubies/ruby-2.0.0-p0/lib/ruby/2.0.0/webrick/server.rb:295:in `block in start_thread'


  Rendered /Users/shiyang/.rvm/gems/ruby-2.0.0-p0/gems/actionpack-4.0.0.rc1/lib/action_dispatch/middleware/templates/rescues/_trace.erb (0.9ms)
  Rendered /Users/shiyang/.rvm/gems/ruby-2.0.0-p0/gems/actionpack-4.0.0.rc1/lib/action_dispatch/middleware/templates/rescues/_request_and_response.erb (0.9ms)
  Rendered /Users/shiyang/.rvm/gems/ruby-2.0.0-p0/gems/actionpack-4.0.0.rc1/lib/action_dispatch/middleware/templates/rescues/template_error.erb within rescues/layout (9.1ms)


Started GET "/pages/student?utf8=%E2%9C%93&name=123&password=[FILTERED]" for 127.0.0.1 at 2013-06-03 12:54:03 -0500
Processing by PagesController#student as HTML
  Parameters: {"utf8"=>"âœ“", "name"=>"123", "password"=>"[FILTERED]"}
  [1m[36mUser Load (0.2ms)[0m  [1mSELECT "users".* FROM "users" WHERE "users"."name" = '123' LIMIT 1[0m
ERROR: compiling _app_views_pages_student_html_erb___1758527655466374627_70217944114360 RAISED /Users/shiyang/Desktop/IE/app/views/pages/student.html.erb:28: syntax error, unexpected keyword_ensure, expecting keyword_end
/Users/shiyang/Desktop/IE/app/views/pages/student.html.erb:30: syntax error, unexpected end-of-input, expecting keyword_end
Function body:           def _app_views_pages_student_html_erb___1758527655466374627_70217944114360(local_assigns, output_buffer)
            _old_virtual_path, @virtual_path = @virtual_path, "pages/student";_old_output_buffer = @output_buffer;;@output_buffer = output_buffer || ActionView::OutputBuffer.new;@output_buffer.safe_append='<html>
<head>
	<meta name="viewport" content="width=device-width, initial-scale=1, maximum-scale=1, user-scalable=no">
	<meta name="apple-mobile-web-app-capable" content="yes">
	<meta name="apple-mobile-web-app-status-bar-style" content="black">
</head>
<body>
	<br/>
	<h1>Student Account</h1>
	<br/>
	<div class="container">	
		<h5>His course:</h5>
		<div id="courseTable">
			<table class = "table table-striped sortable" data-provides="rowlink">
				<tr>
					<td><b>name</b></td>
					<td><b>course</b></td>
';					 @u.each do |user| 
@output_buffer.safe_append='					<td>';@output_buffer.append=( user.name );@output_buffer.safe_append='</td>
					<td>';@output_buffer.append=( user.course );@output_buffer.safe_append='</td>
				</tr>
			</table>
		</div>
	</div>
</body>
</html>
';@output_buffer.to_s
          ensure
            @virtual_path, @output_buffer = _old_virtual_path, _old_output_buffer
          end

Backtrace: /Users/shiyang/.rvm/gems/ruby-2.0.0-p0/gems/actionpack-4.0.0.rc1/lib/action_view/template.rb:299:in `module_eval'
/Users/shiyang/.rvm/gems/ruby-2.0.0-p0/gems/actionpack-4.0.0.rc1/lib/action_view/template.rb:299:in `compile'
/Users/shiyang/.rvm/gems/ruby-2.0.0-p0/gems/actionpack-4.0.0.rc1/lib/action_view/template.rb:248:in `block in compile!'
/Users/shiyang/.rvm/gems/ruby-2.0.0-p0/gems/actionpack-4.0.0.rc1/lib/action_view/template.rb:236:in `synchronize'
/Users/shiyang/.rvm/gems/ruby-2.0.0-p0/gems/actionpack-4.0.0.rc1/lib/action_view/template.rb:236:in `compile!'
/Users/shiyang/.rvm/gems/ruby-2.0.0-p0/gems/actionpack-4.0.0.rc1/lib/action_view/template.rb:142:in `block in render'
/Users/shiyang/.rvm/gems/ruby-2.0.0-p0/gems/activesupport-4.0.0.rc1/lib/active_support/notifications.rb:161:in `instrument'
/Users/shiyang/.rvm/gems/ruby-2.0.0-p0/gems/actionpack-4.0.0.rc1/lib/action_view/template.rb:141:in `render'
/Users/shiyang/.rvm/gems/ruby-2.0.0-p0/gems/actionpack-4.0.0.rc1/lib/action_view/renderer/template_renderer.rb:49:in `block (2 levels) in render_template'
/Users/shiyang/.rvm/gems/ruby-2.0.0-p0/gems/actionpack-4.0.0.rc1/lib/action_view/renderer/abstract_renderer.rb:38:in `block in instrument'
/Users/shiyang/.rvm/gems/ruby-2.0.0-p0/gems/activesupport-4.0.0.rc1/lib/active_support/notifications.rb:159:in `block in instrument'
/Users/shiyang/.rvm/gems/ruby-2.0.0-p0/gems/activesupport-4.0.0.rc1/lib/active_support/notifications/instrumenter.rb:20:in `instrument'
/Users/shiyang/.rvm/gems/ruby-2.0.0-p0/gems/activesupport-4.0.0.rc1/lib/active_support/notifications.rb:159:in `instrument'
/Users/shiyang/.rvm/gems/ruby-2.0.0-p0/gems/actionpack-4.0.0.rc1/lib/action_view/renderer/abstract_renderer.rb:38:in `instrument'
/Users/shiyang/.rvm/gems/ruby-2.0.0-p0/gems/actionpack-4.0.0.rc1/lib/action_view/renderer/template_renderer.rb:48:in `block in render_template'
/Users/shiyang/.rvm/gems/ruby-2.0.0-p0/gems/actionpack-4.0.0.rc1/lib/action_view/renderer/template_renderer.rb:56:in `render_with_layout'
/Users/shiyang/.rvm/gems/ruby-2.0.0-p0/gems/actionpack-4.0.0.rc1/lib/action_view/renderer/template_renderer.rb:47:in `render_template'
/Users/shiyang/.rvm/gems/ruby-2.0.0-p0/gems/actionpack-4.0.0.rc1/lib/action_view/renderer/template_renderer.rb:17:in `render'
/Users/shiyang/.rvm/gems/ruby-2.0.0-p0/gems/actionpack-4.0.0.rc1/lib/action_view/renderer/renderer.rb:42:in `render_template'
/Users/shiyang/.rvm/gems/ruby-2.0.0-p0/gems/actionpack-4.0.0.rc1/lib/action_view/renderer/renderer.rb:23:in `render'
/Users/shiyang/.rvm/gems/ruby-2.0.0-p0/gems/actionpack-4.0.0.rc1/lib/abstract_controller/rendering.rb:127:in `_render_template'
/Users/shiyang/.rvm/gems/ruby-2.0.0-p0/gems/actionpack-4.0.0.rc1/lib/action_controller/metal/streaming.rb:219:in `_render_template'
/Users/shiyang/.rvm/gems/ruby-2.0.0-p0/gems/actionpack-4.0.0.rc1/lib/abstract_controller/rendering.rb:120:in `render_to_body'
/Users/shiyang/.rvm/gems/ruby-2.0.0-p0/gems/actionpack-4.0.0.rc1/lib/action_controller/metal/rendering.rb:33:in `render_to_body'
/Users/shiyang/.rvm/gems/ruby-2.0.0-p0/gems/actionpack-4.0.0.rc1/lib/action_controller/metal/renderers.rb:26:in `render_to_body'
/Users/shiyang/.rvm/gems/ruby-2.0.0-p0/gems/actionpack-4.0.0.rc1/lib/abstract_controller/rendering.rb:97:in `render'
/Users/shiyang/.rvm/gems/ruby-2.0.0-p0/gems/actionpack-4.0.0.rc1/lib/action_controller/metal/rendering.rb:16:in `render'
/Users/shiyang/.rvm/gems/ruby-2.0.0-p0/gems/actionpack-4.0.0.rc1/lib/action_controller/metal/instrumentation.rb:41:in `block (2 levels) in render'
/Users/shiyang/.rvm/gems/ruby-2.0.0-p0/gems/activesupport-4.0.0.rc1/lib/active_support/core_ext/benchmark.rb:12:in `block in ms'
/Users/shiyang/.rvm/rubies/ruby-2.0.0-p0/lib/ruby/2.0.0/benchmark.rb:296:in `realtime'
/Users/shiyang/.rvm/gems/ruby-2.0.0-p0/gems/activesupport-4.0.0.rc1/lib/active_support/core_ext/benchmark.rb:12:in `ms'
/Users/shiyang/.rvm/gems/ruby-2.0.0-p0/gems/actionpack-4.0.0.rc1/lib/action_controller/metal/instrumentation.rb:41:in `block in render'
/Users/shiyang/.rvm/gems/ruby-2.0.0-p0/gems/actionpack-4.0.0.rc1/lib/action_controller/metal/instrumentation.rb:84:in `cleanup_view_runtime'
/Users/shiyang/.rvm/gems/ruby-2.0.0-p0/gems/activerecord-4.0.0.rc1/lib/active_record/railties/controller_runtime.rb:25:in `cleanup_view_runtime'
/Users/shiyang/.rvm/gems/ruby-2.0.0-p0/gems/actionpack-4.0.0.rc1/lib/action_controller/metal/instrumentation.rb:40:in `render'
/Users/shiyang/.rvm/gems/ruby-2.0.0-p0/gems/actionpack-4.0.0.rc1/lib/action_controller/metal/implicit_render.rb:10:in `default_render'
/Users/shiyang/.rvm/gems/ruby-2.0.0-p0/gems/actionpack-4.0.0.rc1/lib/action_controller/metal/implicit_render.rb:5:in `send_action'
/Users/shiyang/.rvm/gems/ruby-2.0.0-p0/gems/actionpack-4.0.0.rc1/lib/abstract_controller/base.rb:189:in `process_action'
/Users/shiyang/.rvm/gems/ruby-2.0.0-p0/gems/actionpack-4.0.0.rc1/lib/action_controller/metal/rendering.rb:10:in `process_action'
/Users/shiyang/.rvm/gems/ruby-2.0.0-p0/gems/actionpack-4.0.0.rc1/lib/abstract_controller/callbacks.rb:18:in `block in process_action'
/Users/shiyang/.rvm/gems/ruby-2.0.0-p0/gems/activesupport-4.0.0.rc1/lib/active_support/callbacks.rb:422:in `_run__3098097318162885075__process_action__callbacks'
/Users/shiyang/.rvm/gems/ruby-2.0.0-p0/gems/activesupport-4.0.0.rc1/lib/active_support/callbacks.rb:80:in `run_callbacks'
/Users/shiyang/.rvm/gems/ruby-2.0.0-p0/gems/actionpack-4.0.0.rc1/lib/abstract_controller/callbacks.rb:17:in `process_action'
/Users/shiyang/.rvm/gems/ruby-2.0.0-p0/gems/actionpack-4.0.0.rc1/lib/action_controller/metal/rescue.rb:29:in `process_action'
/Users/shiyang/.rvm/gems/ruby-2.0.0-p0/gems/actionpack-4.0.0.rc1/lib/action_controller/metal/instrumentation.rb:31:in `block in process_action'
/Users/shiyang/.rvm/gems/ruby-2.0.0-p0/gems/activesupport-4.0.0.rc1/lib/active_support/notifications.rb:159:in `block in instrument'
/Users/shiyang/.rvm/gems/ruby-2.0.0-p0/gems/activesupport-4.0.0.rc1/lib/active_support/notifications/instrumenter.rb:20:in `instrument'
/Users/shiyang/.rvm/gems/ruby-2.0.0-p0/gems/activesupport-4.0.0.rc1/lib/active_support/notifications.rb:159:in `instrument'
/Users/shiyang/.rvm/gems/ruby-2.0.0-p0/gems/actionpack-4.0.0.rc1/lib/action_controller/metal/instrumentation.rb:30:in `process_action'
/Users/shiyang/.rvm/gems/ruby-2.0.0-p0/gems/actionpack-4.0.0.rc1/lib/action_controller/metal/params_wrapper.rb:245:in `process_action'
/Users/shiyang/.rvm/gems/ruby-2.0.0-p0/gems/activerecord-4.0.0.rc1/lib/active_record/railties/controller_runtime.rb:18:in `process_action'
/Users/shiyang/.rvm/gems/ruby-2.0.0-p0/gems/actionpack-4.0.0.rc1/lib/abstract_controller/base.rb:136:in `process'
/Users/shiyang/.rvm/gems/ruby-2.0.0-p0/gems/actionpack-4.0.0.rc1/lib/abstract_controller/rendering.rb:44:in `process'
/Users/shiyang/.rvm/gems/ruby-2.0.0-p0/gems/actionpack-4.0.0.rc1/lib/action_controller/metal.rb:195:in `dispatch'
/Users/shiyang/.rvm/gems/ruby-2.0.0-p0/gems/actionpack-4.0.0.rc1/lib/action_controller/metal/rack_delegation.rb:13:in `dispatch'
/Users/shiyang/.rvm/gems/ruby-2.0.0-p0/gems/actionpack-4.0.0.rc1/lib/action_controller/metal.rb:231:in `block in action'
/Users/shiyang/.rvm/gems/ruby-2.0.0-p0/gems/actionpack-4.0.0.rc1/lib/action_dispatch/routing/route_set.rb:80:in `call'
/Users/shiyang/.rvm/gems/ruby-2.0.0-p0/gems/actionpack-4.0.0.rc1/lib/action_dispatch/routing/route_set.rb:80:in `dispatch'
/Users/shiyang/.rvm/gems/ruby-2.0.0-p0/gems/actionpack-4.0.0.rc1/lib/action_dispatch/routing/route_set.rb:48:in `call'
/Users/shiyang/.rvm/gems/ruby-2.0.0-p0/gems/actionpack-4.0.0.rc1/lib/action_dispatch/journey/router.rb:71:in `block in call'
/Users/shiyang/.rvm/gems/ruby-2.0.0-p0/gems/actionpack-4.0.0.rc1/lib/action_dispatch/journey/router.rb:59:in `each'
/Users/shiyang/.rvm/gems/ruby-2.0.0-p0/gems/actionpack-4.0.0.rc1/lib/action_dispatch/journey/router.rb:59:in `call'
/Users/shiyang/.rvm/gems/ruby-2.0.0-p0/gems/actionpack-4.0.0.rc1/lib/action_dispatch/routing/route_set.rb:654:in `call'
/Users/shiyang/.rvm/gems/ruby-2.0.0-p0/gems/rack-1.5.2/lib/rack/etag.rb:23:in `call'
/Users/shiyang/.rvm/gems/ruby-2.0.0-p0/gems/rack-1.5.2/lib/rack/conditionalget.rb:25:in `call'
/Users/shiyang/.rvm/gems/ruby-2.0.0-p0/gems/rack-1.5.2/lib/rack/head.rb:11:in `call'
/Users/shiyang/.rvm/gems/ruby-2.0.0-p0/gems/actionpack-4.0.0.rc1/lib/action_dispatch/middleware/params_parser.rb:27:in `call'
/Users/shiyang/.rvm/gems/ruby-2.0.0-p0/gems/actionpack-4.0.0.rc1/lib/action_dispatch/middleware/flash.rb:241:in `call'
/Users/shiyang/.rvm/gems/ruby-2.0.0-p0/gems/rack-1.5.2/lib/rack/session/abstract/id.rb:225:in `context'
/Users/shiyang/.rvm/gems/ruby-2.0.0-p0/gems/rack-1.5.2/lib/rack/session/abstract/id.rb:220:in `call'
/Users/shiyang/.rvm/gems/ruby-2.0.0-p0/gems/actionpack-4.0.0.rc1/lib/action_dispatch/middleware/cookies.rb:486:in `call'
/Users/shiyang/.rvm/gems/ruby-2.0.0-p0/gems/activerecord-4.0.0.rc1/lib/active_record/query_cache.rb:36:in `call'
/Users/shiyang/.rvm/gems/ruby-2.0.0-p0/gems/activerecord-4.0.0.rc1/lib/active_record/connection_adapters/abstract/connection_pool.rb:626:in `call'
/Users/shiyang/.rvm/gems/ruby-2.0.0-p0/gems/activerecord-4.0.0.rc1/lib/active_record/migration.rb:366:in `call'
/Users/shiyang/.rvm/gems/ruby-2.0.0-p0/gems/actionpack-4.0.0.rc1/lib/action_dispatch/middleware/callbacks.rb:29:in `block in call'
/Users/shiyang/.rvm/gems/ruby-2.0.0-p0/gems/activesupport-4.0.0.rc1/lib/active_support/callbacks.rb:392:in `_run__3260248760799048463__call__callbacks'
/Users/shiyang/.rvm/gems/ruby-2.0.0-p0/gems/activesupport-4.0.0.rc1/lib/active_support/callbacks.rb:80:in `run_callbacks'
/Users/shiyang/.rvm/gems/ruby-2.0.0-p0/gems/actionpack-4.0.0.rc1/lib/action_dispatch/middleware/callbacks.rb:27:in `call'
/Users/shiyang/.rvm/gems/ruby-2.0.0-p0/gems/actionpack-4.0.0.rc1/lib/action_dispatch/middleware/reloader.rb:64:in `call'
/Users/shiyang/.rvm/gems/ruby-2.0.0-p0/gems/actionpack-4.0.0.rc1/lib/action_dispatch/middleware/remote_ip.rb:76:in `call'
/Users/shiyang/.rvm/gems/ruby-2.0.0-p0/gems/actionpack-4.0.0.rc1/lib/action_dispatch/middleware/debug_exceptions.rb:17:in `call'
/Users/shiyang/.rvm/gems/ruby-2.0.0-p0/gems/actionpack-4.0.0.rc1/lib/action_dispatch/middleware/show_exceptions.rb:30:in `call'
/Users/shiyang/.rvm/gems/ruby-2.0.0-p0/gems/railties-4.0.0.rc1/lib/rails/rack/logger.rb:38:in `call_app'
/Users/shiyang/.rvm/gems/ruby-2.0.0-p0/gems/railties-4.0.0.rc1/lib/rails/rack/logger.rb:21:in `block in call'
/Users/shiyang/.rvm/gems/ruby-2.0.0-p0/gems/activesupport-4.0.0.rc1/lib/active_support/tagged_logging.rb:67:in `block in tagged'
/Users/shiyang/.rvm/gems/ruby-2.0.0-p0/gems/activesupport-4.0.0.rc1/lib/active_support/tagged_logging.rb:25:in `tagged'
/Users/shiyang/.rvm/gems/ruby-2.0.0-p0/gems/activesupport-4.0.0.rc1/lib/active_support/tagged_logging.rb:67:in `tagged'
/Users/shiyang/.rvm/gems/ruby-2.0.0-p0/gems/railties-4.0.0.rc1/lib/rails/rack/logger.rb:21:in `call'
/Users/shiyang/.rvm/gems/ruby-2.0.0-p0/gems/actionpack-4.0.0.rc1/lib/action_dispatch/middleware/request_id.rb:21:in `call'
/Users/shiyang/.rvm/gems/ruby-2.0.0-p0/gems/rack-1.5.2/lib/rack/methodoverride.rb:21:in `call'
/Users/shiyang/.rvm/gems/ruby-2.0.0-p0/gems/rack-1.5.2/lib/rack/runtime.rb:17:in `call'
/Users/shiyang/.rvm/gems/ruby-2.0.0-p0/gems/activesupport-4.0.0.rc1/lib/active_support/cache/strategy/local_cache.rb:83:in `call'
/Users/shiyang/.rvm/gems/ruby-2.0.0-p0/gems/rack-1.5.2/lib/rack/lock.rb:17:in `call'
/Users/shiyang/.rvm/gems/ruby-2.0.0-p0/gems/actionpack-4.0.0.rc1/lib/action_dispatch/middleware/static.rb:64:in `call'
/Users/shiyang/.rvm/gems/ruby-2.0.0-p0/gems/railties-4.0.0.rc1/lib/rails/engine.rb:511:in `call'
/Users/shiyang/.rvm/gems/ruby-2.0.0-p0/gems/railties-4.0.0.rc1/lib/rails/application.rb:96:in `call'
/Users/shiyang/.rvm/gems/ruby-2.0.0-p0/gems/rack-1.5.2/lib/rack/lock.rb:17:in `call'
/Users/shiyang/.rvm/gems/ruby-2.0.0-p0/gems/rack-1.5.2/lib/rack/content_length.rb:14:in `call'
/Users/shiyang/.rvm/gems/ruby-2.0.0-p0/gems/rack-1.5.2/lib/rack/handler/webrick.rb:60:in `service'
/Users/shiyang/.rvm/rubies/ruby-2.0.0-p0/lib/ruby/2.0.0/webrick/httpserver.rb:138:in `service'
/Users/shiyang/.rvm/rubies/ruby-2.0.0-p0/lib/ruby/2.0.0/webrick/httpserver.rb:94:in `run'
/Users/shiyang/.rvm/rubies/ruby-2.0.0-p0/lib/ruby/2.0.0/webrick/server.rb:295:in `block in start_thread'
  Rendered pages/student.html.erb within layouts/application (2.3ms)
Completed 500 Internal Server Error in 5ms

ActionView::Template::Error (/Users/shiyang/Desktop/IE/app/views/pages/student.html.erb:28: syntax error, unexpected keyword_ensure, expecting keyword_end
/Users/shiyang/Desktop/IE/app/views/pages/student.html.erb:30: syntax error, unexpected end-of-input, expecting keyword_end):
    25: </body>
    26: </html>
  actionpack (4.0.0.rc1) lib/action_view/template.rb:299:in `module_eval'
  actionpack (4.0.0.rc1) lib/action_view/template.rb:299:in `compile'
  actionpack (4.0.0.rc1) lib/action_view/template.rb:248:in `block in compile!'
  actionpack (4.0.0.rc1) lib/action_view/template.rb:236:in `synchronize'
  actionpack (4.0.0.rc1) lib/action_view/template.rb:236:in `compile!'
  actionpack (4.0.0.rc1) lib/action_view/template.rb:142:in `block in render'
  activesupport (4.0.0.rc1) lib/active_support/notifications.rb:161:in `instrument'
  actionpack (4.0.0.rc1) lib/action_view/template.rb:141:in `render'
  actionpack (4.0.0.rc1) lib/action_view/renderer/template_renderer.rb:49:in `block (2 levels) in render_template'
  actionpack (4.0.0.rc1) lib/action_view/renderer/abstract_renderer.rb:38:in `block in instrument'
  activesupport (4.0.0.rc1) lib/active_support/notifications.rb:159:in `block in instrument'
  activesupport (4.0.0.rc1) lib/active_support/notifications/instrumenter.rb:20:in `instrument'
  activesupport (4.0.0.rc1) lib/active_support/notifications.rb:159:in `instrument'
  actionpack (4.0.0.rc1) lib/action_view/renderer/abstract_renderer.rb:38:in `instrument'
  actionpack (4.0.0.rc1) lib/action_view/renderer/template_renderer.rb:48:in `block in render_template'
  actionpack (4.0.0.rc1) lib/action_view/renderer/template_renderer.rb:56:in `render_with_layout'
  actionpack (4.0.0.rc1) lib/action_view/renderer/template_renderer.rb:47:in `render_template'
  actionpack (4.0.0.rc1) lib/action_view/renderer/template_renderer.rb:17:in `render'
  actionpack (4.0.0.rc1) lib/action_view/renderer/renderer.rb:42:in `render_template'
  actionpack (4.0.0.rc1) lib/action_view/renderer/renderer.rb:23:in `render'
  actionpack (4.0.0.rc1) lib/abstract_controller/rendering.rb:127:in `_render_template'
  actionpack (4.0.0.rc1) lib/action_controller/metal/streaming.rb:219:in `_render_template'
  actionpack (4.0.0.rc1) lib/abstract_controller/rendering.rb:120:in `render_to_body'
  actionpack (4.0.0.rc1) lib/action_controller/metal/rendering.rb:33:in `render_to_body'
  actionpack (4.0.0.rc1) lib/action_controller/metal/renderers.rb:26:in `render_to_body'
  actionpack (4.0.0.rc1) lib/abstract_controller/rendering.rb:97:in `render'
  actionpack (4.0.0.rc1) lib/action_controller/metal/rendering.rb:16:in `render'
  actionpack (4.0.0.rc1) lib/action_controller/metal/instrumentation.rb:41:in `block (2 levels) in render'
  activesupport (4.0.0.rc1) lib/active_support/core_ext/benchmark.rb:12:in `block in ms'
  /Users/shiyang/.rvm/rubies/ruby-2.0.0-p0/lib/ruby/2.0.0/benchmark.rb:296:in `realtime'
  activesupport (4.0.0.rc1) lib/active_support/core_ext/benchmark.rb:12:in `ms'
  actionpack (4.0.0.rc1) lib/action_controller/metal/instrumentation.rb:41:in `block in render'
  actionpack (4.0.0.rc1) lib/action_controller/metal/instrumentation.rb:84:in `cleanup_view_runtime'
  activerecord (4.0.0.rc1) lib/active_record/railties/controller_runtime.rb:25:in `cleanup_view_runtime'
  actionpack (4.0.0.rc1) lib/action_controller/metal/instrumentation.rb:40:in `render'
  actionpack (4.0.0.rc1) lib/action_controller/metal/implicit_render.rb:10:in `default_render'
  actionpack (4.0.0.rc1) lib/action_controller/metal/implicit_render.rb:5:in `send_action'
  actionpack (4.0.0.rc1) lib/abstract_controller/base.rb:189:in `process_action'
  actionpack (4.0.0.rc1) lib/action_controller/metal/rendering.rb:10:in `process_action'
  actionpack (4.0.0.rc1) lib/abstract_controller/callbacks.rb:18:in `block in process_action'
  activesupport (4.0.0.rc1) lib/active_support/callbacks.rb:422:in `_run__3098097318162885075__process_action__callbacks'
  activesupport (4.0.0.rc1) lib/active_support/callbacks.rb:80:in `run_callbacks'
  actionpack (4.0.0.rc1) lib/abstract_controller/callbacks.rb:17:in `process_action'
  actionpack (4.0.0.rc1) lib/action_controller/metal/rescue.rb:29:in `process_action'
  actionpack (4.0.0.rc1) lib/action_controller/metal/instrumentation.rb:31:in `block in process_action'
  activesupport (4.0.0.rc1) lib/active_support/notifications.rb:159:in `block in instrument'
  activesupport (4.0.0.rc1) lib/active_support/notifications/instrumenter.rb:20:in `instrument'
  activesupport (4.0.0.rc1) lib/active_support/notifications.rb:159:in `instrument'
  actionpack (4.0.0.rc1) lib/action_controller/metal/instrumentation.rb:30:in `process_action'
  actionpack (4.0.0.rc1) lib/action_controller/metal/params_wrapper.rb:245:in `process_action'
  activerecord (4.0.0.rc1) lib/active_record/railties/controller_runtime.rb:18:in `process_action'
  actionpack (4.0.0.rc1) lib/abstract_controller/base.rb:136:in `process'
  actionpack (4.0.0.rc1) lib/abstract_controller/rendering.rb:44:in `process'
  actionpack (4.0.0.rc1) lib/action_controller/metal.rb:195:in `dispatch'
  actionpack (4.0.0.rc1) lib/action_controller/metal/rack_delegation.rb:13:in `dispatch'
  actionpack (4.0.0.rc1) lib/action_controller/metal.rb:231:in `block in action'
  actionpack (4.0.0.rc1) lib/action_dispatch/routing/route_set.rb:80:in `call'
  actionpack (4.0.0.rc1) lib/action_dispatch/routing/route_set.rb:80:in `dispatch'
  actionpack (4.0.0.rc1) lib/action_dispatch/routing/route_set.rb:48:in `call'
  actionpack (4.0.0.rc1) lib/action_dispatch/journey/router.rb:71:in `block in call'
  actionpack (4.0.0.rc1) lib/action_dispatch/journey/router.rb:59:in `each'
  actionpack (4.0.0.rc1) lib/action_dispatch/journey/router.rb:59:in `call'
  actionpack (4.0.0.rc1) lib/action_dispatch/routing/route_set.rb:654:in `call'
  rack (1.5.2) lib/rack/etag.rb:23:in `call'
  rack (1.5.2) lib/rack/conditionalget.rb:25:in `call'
  rack (1.5.2) lib/rack/head.rb:11:in `call'
  actionpack (4.0.0.rc1) lib/action_dispatch/middleware/params_parser.rb:27:in `call'
  actionpack (4.0.0.rc1) lib/action_dispatch/middleware/flash.rb:241:in `call'
  rack (1.5.2) lib/rack/session/abstract/id.rb:225:in `context'
  rack (1.5.2) lib/rack/session/abstract/id.rb:220:in `call'
  actionpack (4.0.0.rc1) lib/action_dispatch/middleware/cookies.rb:486:in `call'
  activerecord (4.0.0.rc1) lib/active_record/query_cache.rb:36:in `call'
  activerecord (4.0.0.rc1) lib/active_record/connection_adapters/abstract/connection_pool.rb:626:in `call'
  activerecord (4.0.0.rc1) lib/active_record/migration.rb:366:in `call'
  actionpack (4.0.0.rc1) lib/action_dispatch/middleware/callbacks.rb:29:in `block in call'
  activesupport (4.0.0.rc1) lib/active_support/callbacks.rb:392:in `_run__3260248760799048463__call__callbacks'
  activesupport (4.0.0.rc1) lib/active_support/callbacks.rb:80:in `run_callbacks'
  actionpack (4.0.0.rc1) lib/action_dispatch/middleware/callbacks.rb:27:in `call'
  actionpack (4.0.0.rc1) lib/action_dispatch/middleware/reloader.rb:64:in `call'
  actionpack (4.0.0.rc1) lib/action_dispatch/middleware/remote_ip.rb:76:in `call'
  actionpack (4.0.0.rc1) lib/action_dispatch/middleware/debug_exceptions.rb:17:in `call'
  actionpack (4.0.0.rc1) lib/action_dispatch/middleware/show_exceptions.rb:30:in `call'
  railties (4.0.0.rc1) lib/rails/rack/logger.rb:38:in `call_app'
  railties (4.0.0.rc1) lib/rails/rack/logger.rb:21:in `block in call'
  activesupport (4.0.0.rc1) lib/active_support/tagged_logging.rb:67:in `block in tagged'
  activesupport (4.0.0.rc1) lib/active_support/tagged_logging.rb:25:in `tagged'
  activesupport (4.0.0.rc1) lib/active_support/tagged_logging.rb:67:in `tagged'
  railties (4.0.0.rc1) lib/rails/rack/logger.rb:21:in `call'
  actionpack (4.0.0.rc1) lib/action_dispatch/middleware/request_id.rb:21:in `call'
  rack (1.5.2) lib/rack/methodoverride.rb:21:in `call'
  rack (1.5.2) lib/rack/runtime.rb:17:in `call'
  activesupport (4.0.0.rc1) lib/active_support/cache/strategy/local_cache.rb:83:in `call'
  rack (1.5.2) lib/rack/lock.rb:17:in `call'
  actionpack (4.0.0.rc1) lib/action_dispatch/middleware/static.rb:64:in `call'
  railties (4.0.0.rc1) lib/rails/engine.rb:511:in `call'
  railties (4.0.0.rc1) lib/rails/application.rb:96:in `call'
  rack (1.5.2) lib/rack/lock.rb:17:in `call'
  rack (1.5.2) lib/rack/content_length.rb:14:in `call'
  rack (1.5.2) lib/rack/handler/webrick.rb:60:in `service'
  /Users/shiyang/.rvm/rubies/ruby-2.0.0-p0/lib/ruby/2.0.0/webrick/httpserver.rb:138:in `service'
  /Users/shiyang/.rvm/rubies/ruby-2.0.0-p0/lib/ruby/2.0.0/webrick/httpserver.rb:94:in `run'
  /Users/shiyang/.rvm/rubies/ruby-2.0.0-p0/lib/ruby/2.0.0/webrick/server.rb:295:in `block in start_thread'


  Rendered /Users/shiyang/.rvm/gems/ruby-2.0.0-p0/gems/actionpack-4.0.0.rc1/lib/action_dispatch/middleware/templates/rescues/_trace.erb (0.9ms)
  Rendered /Users/shiyang/.rvm/gems/ruby-2.0.0-p0/gems/actionpack-4.0.0.rc1/lib/action_dispatch/middleware/templates/rescues/_request_and_response.erb (0.9ms)
  Rendered /Users/shiyang/.rvm/gems/ruby-2.0.0-p0/gems/actionpack-4.0.0.rc1/lib/action_dispatch/middleware/templates/rescues/template_error.erb within rescues/layout (9.2ms)


Started GET "/pages/student?utf8=%E2%9C%93&name=123&password=[FILTERED]" for 127.0.0.1 at 2013-06-03 12:55:59 -0500
Processing by PagesController#student as HTML
  Parameters: {"utf8"=>"âœ“", "name"=>"123", "password"=>"[FILTERED]"}
  [1m[35mUser Load (0.2ms)[0m  SELECT "users".* FROM "users" WHERE "users"."name" = '123' LIMIT 1
  Rendered pages/student.html.erb within layouts/application (6.4ms)
Completed 500 Internal Server Error in 10ms

ActionView::Template::Error (undefined local variable or method `user' for #<#<Class:0x007fb9c71350c8>:0x007fb9c3fdf2d0>):
    15: 				<tr>
    16: 					<td><b>name</b></td>
    17: 					<td><b>course</b></td></tr>
    18: 					<td><%= user.name %></td>
    19: 					<td><%= user.course %></td>
    20: 				</tr>
    21: 			</table>
  app/views/pages/student.html.erb:18:in `_app_views_pages_student_html_erb___1758527655466374627_70217916935280'


  Rendered /Users/shiyang/.rvm/gems/ruby-2.0.0-p0/gems/actionpack-4.0.0.rc1/lib/action_dispatch/middleware/templates/rescues/_trace.erb (0.9ms)
  Rendered /Users/shiyang/.rvm/gems/ruby-2.0.0-p0/gems/actionpack-4.0.0.rc1/lib/action_dispatch/middleware/templates/rescues/_request_and_response.erb (1.0ms)
  Rendered /Users/shiyang/.rvm/gems/ruby-2.0.0-p0/gems/actionpack-4.0.0.rc1/lib/action_dispatch/middleware/templates/rescues/template_error.erb within rescues/layout (9.5ms)


Started GET "/pages/student?utf8=%E2%9C%93&name=123&password=[FILTERED]" for 127.0.0.1 at 2013-06-03 12:56:18 -0500
Processing by PagesController#student as HTML
  Parameters: {"utf8"=>"âœ“", "name"=>"123", "password"=>"[FILTERED]"}
  [1m[36mUser Load (0.2ms)[0m  [1mSELECT "users".* FROM "users" WHERE "users"."name" = '123' LIMIT 1[0m
  Rendered pages/student.html.erb within layouts/application (0.5ms)
Completed 200 OK in 7ms (Views: 5.4ms | ActiveRecord: 0.2ms)


Started GET "/assets/application.css?body=1" for 127.0.0.1 at 2013-06-03 12:56:18 -0500


Started GET "/assets/bootstrap.css?body=1" for 127.0.0.1 at 2013-06-03 12:56:18 -0500


Started GET "/assets/custom.css?body=1" for 127.0.0.1 at 2013-06-03 12:56:18 -0500


Started GET "/assets/users.css?body=1" for 127.0.0.1 at 2013-06-03 12:56:18 -0500


Started GET "/assets/scaffolds.css?body=1" for 127.0.0.1 at 2013-06-03 12:56:18 -0500


Started GET "/assets/jquery_ujs.js?body=1" for 127.0.0.1 at 2013-06-03 12:56:18 -0500


Started GET "/assets/jquery.js?body=1" for 127.0.0.1 at 2013-06-03 12:56:18 -0500


Started GET "/assets/turbolinks.js?body=1" for 127.0.0.1 at 2013-06-03 12:56:18 -0500


Started GET "/assets/users.js?body=1" for 127.0.0.1 at 2013-06-03 12:56:18 -0500


Started GET "/assets/application.js?body=1" for 127.0.0.1 at 2013-06-03 12:56:18 -0500
